TpTrace Verbose: 0 : 14624, 1, 2022/05/07, 14:12:11.719, 1347406087364, vstest.console.dll, Version: 17.1.0-release-20220113-05
TpTrace Information: 0 : 14624, 1, 2022/05/07, 14:12:11.727, 1347406146237, vstest.console.dll, FilePatternParser: The given file D:\KPI DOCS\1_DIMA_LABS\lab1_Slobodyan_Dmytro\la1_Tests\bin\Debug\net6.0\fine-code-coverage\build-output\la1_Tests.dll is a full path.
TpTrace Verbose: 0 : 14624, 1, 2022/05/07, 14:12:11.731, 1347406182199, vstest.console.dll, TestPluginCache.DiscoverTestExtensions: finding test extensions in assemblies ends with: RuntimeProvider.dll TPluginInfo: Microsoft.VisualStudio.TestPlatform.Common.ExtensionFramework.Utilities.TestRuntimePluginInformation TExtension: Microsoft.VisualStudio.TestPlatform.ObjectModel.Host.ITestRuntimeProvider
TpTrace Verbose: 0 : 14624, 1, 2022/05/07, 14:12:11.731, 1347406185625, vstest.console.dll, TestPluginCache.GetExtensionPaths: Filtered extension paths: 
TpTrace Verbose: 0 : 14624, 1, 2022/05/07, 14:12:11.731, 1347406186243, vstest.console.dll, TestPluginCache.GetExtensionPaths: Added default extension paths: C:\Program Files\dotnet\sdk\6.0.201\Extensions\DumpMinitool.exe
C:\Program Files\dotnet\sdk\6.0.201\Extensions\DumpMinitool.x86.exe
C:\Program Files\dotnet\sdk\6.0.201\Extensions\Microsoft.Diagnostics.NETCore.Client.dll
C:\Program Files\dotnet\sdk\6.0.201\Extensions\Microsoft.TestPlatform.Extensions.BlameDataCollector.dll
C:\Program Files\dotnet\sdk\6.0.201\Extensions\Microsoft.TestPlatform.Extensions.EventLogCollector.dll
C:\Program Files\dotnet\sdk\6.0.201\Extensions\Microsoft.TestPlatform.TestHostRuntimeProvider.dll
C:\Program Files\dotnet\sdk\6.0.201\Extensions\Microsoft.VisualStudio.TestPlatform.Extensions.Html.TestLogger.dll
C:\Program Files\dotnet\sdk\6.0.201\Extensions\Microsoft.VisualStudio.TestPlatform.Extensions.Trx.TestLogger.dll
TpTrace Verbose: 0 : 14624, 1, 2022/05/07, 14:12:11.731, 1347406186570, vstest.console.dll, TestPluginCache.GetExtensionPaths: Added unfilterableExtensionPaths: 
TpTrace Information: 0 : 14624, 1, 2022/05/07, 14:12:11.732, 1347406192355, vstest.console.dll, AssemblyResolver.ctor: Creating AssemblyResolver with searchDirectories C:\Program Files\dotnet\sdk\6.0.201\Extensions,C:\Program Files\dotnet\sdk\6.0.201
TpTrace Verbose: 0 : 14624, 1, 2022/05/07, 14:12:11.732, 1347406198348, vstest.console.dll, TestPluginCache.DiscoverTestExtensions: Discovering the extensions using extension path.
TpTrace Verbose: 0 : 14624, 1, 2022/05/07, 14:12:11.733, 1347406199129, vstest.console.dll, TestPluginCache.GetExtensionPaths: Filtered extension paths: 
TpTrace Verbose: 0 : 14624, 1, 2022/05/07, 14:12:11.733, 1347406199442, vstest.console.dll, TestPluginCache.GetExtensionPaths: Added default extension paths: C:\Program Files\dotnet\sdk\6.0.201\Extensions\DumpMinitool.exe
C:\Program Files\dotnet\sdk\6.0.201\Extensions\DumpMinitool.x86.exe
C:\Program Files\dotnet\sdk\6.0.201\Extensions\Microsoft.Diagnostics.NETCore.Client.dll
C:\Program Files\dotnet\sdk\6.0.201\Extensions\Microsoft.TestPlatform.Extensions.BlameDataCollector.dll
C:\Program Files\dotnet\sdk\6.0.201\Extensions\Microsoft.TestPlatform.Extensions.EventLogCollector.dll
C:\Program Files\dotnet\sdk\6.0.201\Extensions\Microsoft.TestPlatform.TestHostRuntimeProvider.dll
C:\Program Files\dotnet\sdk\6.0.201\Extensions\Microsoft.VisualStudio.TestPlatform.Extensions.Html.TestLogger.dll
C:\Program Files\dotnet\sdk\6.0.201\Extensions\Microsoft.VisualStudio.TestPlatform.Extensions.Trx.TestLogger.dll
TpTrace Verbose: 0 : 14624, 1, 2022/05/07, 14:12:11.733, 1347406199666, vstest.console.dll, TestPluginCache.GetExtensionPaths: Added unfilterableExtensionPaths: 
TpTrace Verbose: 0 : 14624, 1, 2022/05/07, 14:12:11.733, 1347406200089, vstest.console.dll, TestPluginCache.DiscoverTestExtensions: Discovering the extensions using allExtensionPaths: C:\Program Files\dotnet\sdk\6.0.201\Extensions\DumpMinitool.exe
C:\Program Files\dotnet\sdk\6.0.201\Extensions\DumpMinitool.x86.exe
C:\Program Files\dotnet\sdk\6.0.201\Extensions\Microsoft.Diagnostics.NETCore.Client.dll
C:\Program Files\dotnet\sdk\6.0.201\Extensions\Microsoft.TestPlatform.Extensions.BlameDataCollector.dll
C:\Program Files\dotnet\sdk\6.0.201\Extensions\Microsoft.TestPlatform.Extensions.EventLogCollector.dll
C:\Program Files\dotnet\sdk\6.0.201\Extensions\Microsoft.TestPlatform.TestHostRuntimeProvider.dll
C:\Program Files\dotnet\sdk\6.0.201\Extensions\Microsoft.VisualStudio.TestPlatform.Extensions.Html.TestLogger.dll
C:\Program Files\dotnet\sdk\6.0.201\Extensions\Microsoft.VisualStudio.TestPlatform.Extensions.Trx.TestLogger.dll
TpTrace Information: 0 : 14624, 1, 2022/05/07, 14:12:11.733, 1347406201234, vstest.console.dll, AssemblyResolver.AddSearchDirectories: Adding more searchDirectories C:\Program Files\dotnet\sdk\6.0.201\Extensions,C:\Program Files\dotnet\sdk\6.0.201
TpTrace Information: 0 : 14624, 1, 2022/05/07, 14:12:11.733, 1347406201632, vstest.console.dll, AssemblyResolver.AddSearchDirectories: Adding more searchDirectories C:\Program Files\dotnet\sdk\6.0.201\Extensions,C:\Program Files\dotnet\sdk\6.0.201
TpTrace Information: 0 : 14624, 1, 2022/05/07, 14:12:11.733, 1347406201873, vstest.console.dll, AssemblyResolver.AddSearchDirectories: Adding more searchDirectories C:\Program Files\dotnet\sdk\6.0.201\Extensions,C:\Program Files\dotnet\sdk\6.0.201
TpTrace Information: 0 : 14624, 1, 2022/05/07, 14:12:11.733, 1347406202119, vstest.console.dll, AssemblyResolver.AddSearchDirectories: Adding more searchDirectories C:\Program Files\dotnet\sdk\6.0.201\Extensions,C:\Program Files\dotnet\sdk\6.0.201
TpTrace Information: 0 : 14624, 1, 2022/05/07, 14:12:11.733, 1347406202333, vstest.console.dll, AssemblyResolver.AddSearchDirectories: Adding more searchDirectories C:\Program Files\dotnet\sdk\6.0.201\Extensions,C:\Program Files\dotnet\sdk\6.0.201
TpTrace Information: 0 : 14624, 1, 2022/05/07, 14:12:11.733, 1347406202541, vstest.console.dll, AssemblyResolver.AddSearchDirectories: Adding more searchDirectories C:\Program Files\dotnet\sdk\6.0.201\Extensions,C:\Program Files\dotnet\sdk\6.0.201
TpTrace Information: 0 : 14624, 1, 2022/05/07, 14:12:11.733, 1347406202747, vstest.console.dll, AssemblyResolver.AddSearchDirectories: Adding more searchDirectories C:\Program Files\dotnet\sdk\6.0.201\Extensions,C:\Program Files\dotnet\sdk\6.0.201
TpTrace Information: 0 : 14624, 1, 2022/05/07, 14:12:11.733, 1347406202989, vstest.console.dll, AssemblyResolver.AddSearchDirectories: Adding more searchDirectories C:\Program Files\dotnet\sdk\6.0.201\Extensions,C:\Program Files\dotnet\sdk\6.0.201
TpTrace Information: 0 : 14624, 1, 2022/05/07, 14:12:11.733, 1347406205248, vstest.console.dll, AssemblyResolver.OnResolve: DumpMinitool: Resolving assembly.
TpTrace Information: 0 : 14624, 1, 2022/05/07, 14:12:11.733, 1347406205722, vstest.console.dll, AssemblyResolver.OnResolve: DumpMinitool: Searching in: 'C:\Program Files\dotnet\sdk\6.0.201\Extensions'.
TpTrace Information: 0 : 14624, 1, 2022/05/07, 14:12:11.733, 1347406206456, vstest.console.dll, AssemblyResolver.OnResolve: DumpMinitool: Assembly path does not exist: 'C:\Program Files\dotnet\sdk\6.0.201\Extensions\DumpMinitool.dll', returning.
TpTrace Information: 0 : 14624, 1, 2022/05/07, 14:12:11.734, 1347406210607, vstest.console.dll, AssemblyResolver.OnResolve: DumpMinitool: Loading assembly 'C:\Program Files\dotnet\sdk\6.0.201\Extensions\DumpMinitool.exe'.
TpTrace Information: 0 : 14624, 1, 2022/05/07, 14:12:11.734, 1347406214743, vstest.console.dll, AssemblyResolver.OnResolve: Resolved assembly: DumpMinitool, from path: C:\Program Files\dotnet\sdk\6.0.201\Extensions\DumpMinitool.exe
TpTrace Information: 0 : 14624, 1, 2022/05/07, 14:12:11.738, 1347406249148, vstest.console.dll, AssemblyResolver.OnResolve: DumpMinitool.x86: Resolving assembly.
TpTrace Information: 0 : 14624, 1, 2022/05/07, 14:12:11.738, 1347406249635, vstest.console.dll, AssemblyResolver.OnResolve: DumpMinitool.x86: Searching in: 'C:\Program Files\dotnet\sdk\6.0.201\Extensions'.
TpTrace Information: 0 : 14624, 1, 2022/05/07, 14:12:11.738, 1347406250255, vstest.console.dll, AssemblyResolver.OnResolve: DumpMinitool.x86: Assembly path does not exist: 'C:\Program Files\dotnet\sdk\6.0.201\Extensions\DumpMinitool.x86.dll', returning.
TpTrace Information: 0 : 14624, 1, 2022/05/07, 14:12:11.738, 1347406253553, vstest.console.dll, AssemblyResolver.OnResolve: DumpMinitool.x86: Loading assembly 'C:\Program Files\dotnet\sdk\6.0.201\Extensions\DumpMinitool.x86.exe'.
TpTrace Information: 0 : 14624, 1, 2022/05/07, 14:12:11.738, 1347406257133, vstest.console.dll, AssemblyResolver.OnResolve: Resolved assembly: DumpMinitool.x86, from path: C:\Program Files\dotnet\sdk\6.0.201\Extensions\DumpMinitool.x86.exe
TpTrace Information: 0 : 14624, 1, 2022/05/07, 14:12:11.738, 1347406259009, vstest.console.dll, AssemblyResolver.OnResolve: Microsoft.Diagnostics.NETCore.Client: Resolving assembly.
TpTrace Information: 0 : 14624, 1, 2022/05/07, 14:12:11.739, 1347406259349, vstest.console.dll, AssemblyResolver.OnResolve: Microsoft.Diagnostics.NETCore.Client: Searching in: 'C:\Program Files\dotnet\sdk\6.0.201\Extensions'.
TpTrace Information: 0 : 14624, 1, 2022/05/07, 14:12:11.739, 1347406262318, vstest.console.dll, AssemblyResolver.OnResolve: Microsoft.Diagnostics.NETCore.Client: Loading assembly 'C:\Program Files\dotnet\sdk\6.0.201\Extensions\Microsoft.Diagnostics.NETCore.Client.dll'.
TpTrace Information: 0 : 14624, 1, 2022/05/07, 14:12:11.739, 1347406266059, vstest.console.dll, AssemblyResolver.OnResolve: Resolved assembly: Microsoft.Diagnostics.NETCore.Client, from path: C:\Program Files\dotnet\sdk\6.0.201\Extensions\Microsoft.Diagnostics.NETCore.Client.dll
TpTrace Information: 0 : 14624, 1, 2022/05/07, 14:12:11.741, 1347406282230, vstest.console.dll, AssemblyResolver.OnResolve: Microsoft.Bcl.AsyncInterfaces: Resolving assembly.
TpTrace Information: 0 : 14624, 1, 2022/05/07, 14:12:11.741, 1347406282698, vstest.console.dll, AssemblyResolver.OnResolve: Microsoft.Bcl.AsyncInterfaces: Searching in: 'C:\Program Files\dotnet\sdk\6.0.201\Extensions'.
TpTrace Information: 0 : 14624, 1, 2022/05/07, 14:12:11.741, 1347406283305, vstest.console.dll, AssemblyResolver.OnResolve: Microsoft.Bcl.AsyncInterfaces: Assembly path does not exist: 'C:\Program Files\dotnet\sdk\6.0.201\Extensions\Microsoft.Bcl.AsyncInterfaces.dll', returning.
TpTrace Information: 0 : 14624, 1, 2022/05/07, 14:12:11.741, 1347406283796, vstest.console.dll, AssemblyResolver.OnResolve: Microsoft.Bcl.AsyncInterfaces: Assembly path does not exist: 'C:\Program Files\dotnet\sdk\6.0.201\Extensions\Microsoft.Bcl.AsyncInterfaces.exe', returning.
TpTrace Information: 0 : 14624, 1, 2022/05/07, 14:12:11.741, 1347406284015, vstest.console.dll, AssemblyResolver.OnResolve: Microsoft.Bcl.AsyncInterfaces: Searching in: 'C:\Program Files\dotnet\sdk\6.0.201'.
TpTrace Information: 0 : 14624, 1, 2022/05/07, 14:12:11.741, 1347406284483, vstest.console.dll, AssemblyResolver.OnResolve: Microsoft.Bcl.AsyncInterfaces: Assembly path does not exist: 'C:\Program Files\dotnet\sdk\6.0.201\Microsoft.Bcl.AsyncInterfaces.dll', returning.
TpTrace Information: 0 : 14624, 1, 2022/05/07, 14:12:11.741, 1347406284995, vstest.console.dll, AssemblyResolver.OnResolve: Microsoft.Bcl.AsyncInterfaces: Assembly path does not exist: 'C:\Program Files\dotnet\sdk\6.0.201\Microsoft.Bcl.AsyncInterfaces.exe', returning.
TpTrace Information: 0 : 14624, 1, 2022/05/07, 14:12:11.741, 1347406285218, vstest.console.dll, AssemblyResolver.OnResolve: Microsoft.Bcl.AsyncInterfaces: Failed to load assembly.
TpTrace Verbose: 0 : 14624, 1, 2022/05/07, 14:12:11.741, 1347406285495, vstest.console.dll, CurrentDomainAssemblyResolve: Resolving assembly 'Microsoft.Bcl.AsyncInterfaces'.
TpTrace Information: 0 : 14624, 1, 2022/05/07, 14:12:11.741, 1347406285887, vstest.console.dll, AssemblyResolver.OnResolve: Microsoft.Bcl.AsyncInterfaces: Resolving assembly.
TpTrace Information: 0 : 14624, 1, 2022/05/07, 14:12:11.741, 1347406286221, vstest.console.dll, AssemblyResolver.OnResolve: Microsoft.Bcl.AsyncInterfaces: Resolved from cache.
TpTrace Verbose: 0 : 14624, 1, 2022/05/07, 14:12:11.741, 1347406286443, vstest.console.dll, CurrentDomainAssemblyResolve: Resolving assembly 'Microsoft.Bcl.AsyncInterfaces'.
TpTrace Verbose: 0 : 14624, 1, 2022/05/07, 14:12:11.741, 1347406286717, vstest.console.dll, CurrentDomainAssemblyResolve: Failed to resolve assembly 'Microsoft.Bcl.AsyncInterfaces'.
TpTrace Verbose: 0 : 14624, 1, 2022/05/07, 14:12:11.742, 1347406289328, vstest.console.dll, CurrentDomainAssemblyResolve: Failed to resolve assembly 'Microsoft.Bcl.AsyncInterfaces'.
TpTrace Warning: 0 : 14624, 1, 2022/05/07, 14:12:11.752, 1347406397414, vstest.console.dll, TestPluginDiscoverer: Failed to get types from assembly 'Microsoft.Diagnostics.NETCore.Client, Version=0.2.5.801, Culture=neutral, PublicKeyToken=31bf3856ad364e35'.  Skipping test extension scan for this assembly.  Error: System.Reflection.ReflectionTypeLoadException: Unable to load one or more of the requested types.
Could not load file or assembly 'Microsoft.Bcl.AsyncInterfaces, Version=1.0.0.0, Culture=neutral, PublicKeyToken=cc7b13ffcd2ddd51'. The system cannot find the file specified.
   at System.Reflection.RuntimeModule.GetTypes(RuntimeModule module)
   at System.Reflection.Assembly.GetTypes()
   at Microsoft.VisualStudio.TestPlatform.Common.ExtensionFramework.TestPluginDiscoverer.GetTestExtensionsFromAssembly[TPluginInfo,TExtension](Assembly assembly, Dictionary`2 pluginInfos)
System.IO.FileNotFoundException: Could not load file or assembly 'Microsoft.Bcl.AsyncInterfaces, Version=1.0.0.0, Culture=neutral, PublicKeyToken=cc7b13ffcd2ddd51'. The system cannot find the file specified.
File name: 'Microsoft.Bcl.AsyncInterfaces, Version=1.0.0.0, Culture=neutral, PublicKeyToken=cc7b13ffcd2ddd51'
 ---> System.IO.FileNotFoundException: Could not load file or assembly 'Microsoft.Bcl.AsyncInterfaces, Culture=neutral, PublicKeyToken=null'. The system cannot find the file specified.
File name: 'Microsoft.Bcl.AsyncInterfaces, Culture=neutral, PublicKeyToken=null'
   at System.Reflection.RuntimeAssembly.InternalLoad(ObjectHandleOnStack assemblyName, ObjectHandleOnStack requestingAssembly, StackCrawlMarkHandle stackMark, Boolean throwOnFileNotFound, ObjectHandleOnStack assemblyLoadContext, ObjectHandleOnStack retAssembly)
   at System.Reflection.RuntimeAssembly.InternalLoad(AssemblyName assemblyName, RuntimeAssembly requestingAssembly, StackCrawlMark& stackMark, Boolean throwOnFileNotFound, AssemblyLoadContext assemblyLoadContext)
   at System.Reflection.Assembly.Load(AssemblyName assemblyRef)
   at Microsoft.VisualStudio.TestPlatform.Common.ExtensionFramework.TestPluginCache.CurrentDomainAssemblyResolve(Object sender, AssemblyResolveEventArgs args)
   at Microsoft.VisualStudio.TestPlatform.PlatformAbstractions.PlatformAssemblyResolver.AssemblyResolverEvent(Object sender, Object eventArgs)
   at System.Runtime.Loader.AssemblyLoadContext.GetFirstResolvedAssemblyFromResolvingEvent(AssemblyName assemblyName)
   at System.Runtime.Loader.AssemblyLoadContext.ResolveUsingEvent(AssemblyName assemblyName)
   at System.Runtime.Loader.AssemblyLoadContext.ResolveUsingResolvingEvent(IntPtr gchManagedAssemblyLoadContext, AssemblyName assemblyName)
TpTrace Warning: 0 : 14624, 1, 2022/05/07, 14:12:11.752, 1347406398851, vstest.console.dll, LoaderExceptions: System.IO.FileNotFoundException: Could not load file or assembly 'Microsoft.Bcl.AsyncInterfaces, Version=1.0.0.0, Culture=neutral, PublicKeyToken=cc7b13ffcd2ddd51'. The system cannot find the file specified.
File name: 'Microsoft.Bcl.AsyncInterfaces, Version=1.0.0.0, Culture=neutral, PublicKeyToken=cc7b13ffcd2ddd51'
 ---> System.IO.FileNotFoundException: Could not load file or assembly 'Microsoft.Bcl.AsyncInterfaces, Culture=neutral, PublicKeyToken=null'. The system cannot find the file specified.
File name: 'Microsoft.Bcl.AsyncInterfaces, Culture=neutral, PublicKeyToken=null'
   at System.Reflection.RuntimeAssembly.InternalLoad(ObjectHandleOnStack assemblyName, ObjectHandleOnStack requestingAssembly, StackCrawlMarkHandle stackMark, Boolean throwOnFileNotFound, ObjectHandleOnStack assemblyLoadContext, ObjectHandleOnStack retAssembly)
   at System.Reflection.RuntimeAssembly.InternalLoad(AssemblyName assemblyName, RuntimeAssembly requestingAssembly, StackCrawlMark& stackMark, Boolean throwOnFileNotFound, AssemblyLoadContext assemblyLoadContext)
   at System.Reflection.Assembly.Load(AssemblyName assemblyRef)
   at Microsoft.VisualStudio.TestPlatform.Common.ExtensionFramework.TestPluginCache.CurrentDomainAssemblyResolve(Object sender, AssemblyResolveEventArgs args)
   at Microsoft.VisualStudio.TestPlatform.PlatformAbstractions.PlatformAssemblyResolver.AssemblyResolverEvent(Object sender, Object eventArgs)
   at System.Runtime.Loader.AssemblyLoadContext.GetFirstResolvedAssemblyFromResolvingEvent(AssemblyName assemblyName)
   at System.Runtime.Loader.AssemblyLoadContext.ResolveUsingEvent(AssemblyName assemblyName)
   at System.Runtime.Loader.AssemblyLoadContext.ResolveUsingResolvingEvent(IntPtr gchManagedAssemblyLoadContext, AssemblyName assemblyName)
TpTrace Information: 0 : 14624, 1, 2022/05/07, 14:12:11.753, 1347406399957, vstest.console.dll, AssemblyResolver.OnResolve: Microsoft.TestPlatform.Extensions.BlameDataCollector: Resolving assembly.
TpTrace Information: 0 : 14624, 1, 2022/05/07, 14:12:11.753, 1347406400277, vstest.console.dll, AssemblyResolver.OnResolve: Microsoft.TestPlatform.Extensions.BlameDataCollector: Searching in: 'C:\Program Files\dotnet\sdk\6.0.201\Extensions'.
TpTrace Information: 0 : 14624, 1, 2022/05/07, 14:12:11.753, 1347406403720, vstest.console.dll, AssemblyResolver.OnResolve: Microsoft.TestPlatform.Extensions.BlameDataCollector: Loading assembly 'C:\Program Files\dotnet\sdk\6.0.201\Extensions\Microsoft.TestPlatform.Extensions.BlameDataCollector.dll'.
TpTrace Information: 0 : 14624, 1, 2022/05/07, 14:12:11.753, 1347406407730, vstest.console.dll, AssemblyResolver.OnResolve: Resolved assembly: Microsoft.TestPlatform.Extensions.BlameDataCollector, from path: C:\Program Files\dotnet\sdk\6.0.201\Extensions\Microsoft.TestPlatform.Extensions.BlameDataCollector.dll
TpTrace Information: 0 : 14624, 1, 2022/05/07, 14:12:11.754, 1347406411965, vstest.console.dll, AssemblyResolver.OnResolve: Microsoft.TestPlatform.Extensions.EventLogCollector: Resolving assembly.
TpTrace Information: 0 : 14624, 1, 2022/05/07, 14:12:11.754, 1347406412331, vstest.console.dll, AssemblyResolver.OnResolve: Microsoft.TestPlatform.Extensions.EventLogCollector: Searching in: 'C:\Program Files\dotnet\sdk\6.0.201\Extensions'.
TpTrace Information: 0 : 14624, 1, 2022/05/07, 14:12:11.754, 1347406413791, vstest.console.dll, AssemblyResolver.OnResolve: Microsoft.TestPlatform.Extensions.EventLogCollector: Loading assembly 'C:\Program Files\dotnet\sdk\6.0.201\Extensions\Microsoft.TestPlatform.Extensions.EventLogCollector.dll'.
TpTrace Information: 0 : 14624, 1, 2022/05/07, 14:12:11.754, 1347406415912, vstest.console.dll, AssemblyResolver.OnResolve: Resolved assembly: Microsoft.TestPlatform.Extensions.EventLogCollector, from path: C:\Program Files\dotnet\sdk\6.0.201\Extensions\Microsoft.TestPlatform.Extensions.EventLogCollector.dll
TpTrace Information: 0 : 14624, 1, 2022/05/07, 14:12:11.755, 1347406423428, vstest.console.dll, AssemblyResolver.OnResolve: Microsoft.TestPlatform.TestHostRuntimeProvider: Resolving assembly.
TpTrace Information: 0 : 14624, 1, 2022/05/07, 14:12:11.755, 1347406423821, vstest.console.dll, AssemblyResolver.OnResolve: Microsoft.TestPlatform.TestHostRuntimeProvider: Searching in: 'C:\Program Files\dotnet\sdk\6.0.201\Extensions'.
TpTrace Information: 0 : 14624, 1, 2022/05/07, 14:12:11.755, 1347406426797, vstest.console.dll, AssemblyResolver.OnResolve: Microsoft.TestPlatform.TestHostRuntimeProvider: Loading assembly 'C:\Program Files\dotnet\sdk\6.0.201\Extensions\Microsoft.TestPlatform.TestHostRuntimeProvider.dll'.
TpTrace Information: 0 : 14624, 1, 2022/05/07, 14:12:11.756, 1347406430580, vstest.console.dll, AssemblyResolver.OnResolve: Resolved assembly: Microsoft.TestPlatform.TestHostRuntimeProvider, from path: C:\Program Files\dotnet\sdk\6.0.201\Extensions\Microsoft.TestPlatform.TestHostRuntimeProvider.dll
TpTrace Information: 0 : 14624, 1, 2022/05/07, 14:12:11.756, 1347406438626, vstest.console.dll, AssemblyResolver.OnResolve: Microsoft.VisualStudio.TestPlatform.Extensions.Html.TestLogger: Resolving assembly.
TpTrace Information: 0 : 14624, 1, 2022/05/07, 14:12:11.756, 1347406439072, vstest.console.dll, AssemblyResolver.OnResolve: Microsoft.VisualStudio.TestPlatform.Extensions.Html.TestLogger: Searching in: 'C:\Program Files\dotnet\sdk\6.0.201\Extensions'.
TpTrace Information: 0 : 14624, 1, 2022/05/07, 14:12:11.757, 1347406442399, vstest.console.dll, AssemblyResolver.OnResolve: Microsoft.VisualStudio.TestPlatform.Extensions.Html.TestLogger: Loading assembly 'C:\Program Files\dotnet\sdk\6.0.201\Extensions\Microsoft.VisualStudio.TestPlatform.Extensions.Html.TestLogger.dll'.
TpTrace Information: 0 : 14624, 1, 2022/05/07, 14:12:11.757, 1347406446284, vstest.console.dll, AssemblyResolver.OnResolve: Resolved assembly: Microsoft.VisualStudio.TestPlatform.Extensions.Html.TestLogger, from path: C:\Program Files\dotnet\sdk\6.0.201\Extensions\Microsoft.VisualStudio.TestPlatform.Extensions.Html.TestLogger.dll
TpTrace Information: 0 : 14624, 1, 2022/05/07, 14:12:11.757, 1347406448492, vstest.console.dll, AssemblyResolver.OnResolve: Microsoft.VisualStudio.TestPlatform.Extensions.Trx.TestLogger: Resolving assembly.
TpTrace Information: 0 : 14624, 1, 2022/05/07, 14:12:11.757, 1347406448841, vstest.console.dll, AssemblyResolver.OnResolve: Microsoft.VisualStudio.TestPlatform.Extensions.Trx.TestLogger: Searching in: 'C:\Program Files\dotnet\sdk\6.0.201\Extensions'.
TpTrace Information: 0 : 14624, 1, 2022/05/07, 14:12:11.758, 1347406451983, vstest.console.dll, AssemblyResolver.OnResolve: Microsoft.VisualStudio.TestPlatform.Extensions.Trx.TestLogger: Loading assembly 'C:\Program Files\dotnet\sdk\6.0.201\Extensions\Microsoft.VisualStudio.TestPlatform.Extensions.Trx.TestLogger.dll'.
TpTrace Information: 0 : 14624, 1, 2022/05/07, 14:12:11.758, 1347406456956, vstest.console.dll, AssemblyResolver.OnResolve: Resolved assembly: Microsoft.VisualStudio.TestPlatform.Extensions.Trx.TestLogger, from path: C:\Program Files\dotnet\sdk\6.0.201\Extensions\Microsoft.VisualStudio.TestPlatform.Extensions.Trx.TestLogger.dll
TpTrace Verbose: 0 : 14624, 1, 2022/05/07, 14:12:11.759, 1347406460699, vstest.console.dll, TestPluginCache: Discovered the extensions using extension path ''.
TpTrace Verbose: 0 : 14624, 1, 2022/05/07, 14:12:11.759, 1347406461221, vstest.console.dll, TestPluginCache: Discoverers are ''.
TpTrace Verbose: 0 : 14624, 1, 2022/05/07, 14:12:11.759, 1347406461434, vstest.console.dll, TestPluginCache: Executors are ''.
TpTrace Verbose: 0 : 14624, 1, 2022/05/07, 14:12:11.759, 1347406461609, vstest.console.dll, TestPluginCache: Executors2 are ''.
TpTrace Verbose: 0 : 14624, 1, 2022/05/07, 14:12:11.759, 1347406461777, vstest.console.dll, TestPluginCache: Setting providers are ''.
TpTrace Verbose: 0 : 14624, 1, 2022/05/07, 14:12:11.759, 1347406461946, vstest.console.dll, TestPluginCache: Loggers are ''.
TpTrace Information: 0 : 14624, 1, 2022/05/07, 14:12:11.762, 1347406492826, vstest.console.dll, RunTestsArgumentProcessor:Execute: Test run is starting.
TpTrace Verbose: 0 : 14624, 1, 2022/05/07, 14:12:11.762, 1347406493269, vstest.console.dll, RunTestsArgumentProcessor:Execute: Queuing Test run.
TpTrace Information: 0 : 14624, 1, 2022/05/07, 14:12:11.762, 1347406494551, vstest.console.dll, TestRequestManager.RunTests: run tests started.
TpTrace Information: 0 : 14624, 1, 2022/05/07, 14:12:11.764, 1347406516620, vstest.console.dll, AssemblyMetadataProvider.GetFrameWork: Determined framework:'.NETCoreApp,Version=v6.0' for source: 'D:\KPI DOCS\1_DIMA_LABS\lab1_Slobodyan_Dmytro\la1_Tests\bin\Debug\net6.0\fine-code-coverage\build-output\la1_Tests.dll'
TpTrace Information: 0 : 14624, 1, 2022/05/07, 14:12:11.764, 1347406518022, vstest.console.dll, Determined framework for all sources: .NETCoreApp,Version=v6.0
TpTrace Verbose: 0 : 14624, 1, 2022/05/07, 14:12:11.765, 1347406519853, vstest.console.dll, Default architecture: X64 IsDefaultTargetArchitecture: True
TpTrace Information: 0 : 14624, 1, 2022/05/07, 14:12:11.765, 1347406521631, vstest.console.dll, AssemblyMetadataProvider.GetArchitecture: Determined architecture:AnyCPU info for assembly: D:\KPI DOCS\1_DIMA_LABS\lab1_Slobodyan_Dmytro\la1_Tests\bin\Debug\net6.0\fine-code-coverage\build-output\la1_Tests.dll
TpTrace Information: 0 : 14624, 1, 2022/05/07, 14:12:11.765, 1347406521971, vstest.console.dll, Determined platform for source 'D:\KPI DOCS\1_DIMA_LABS\lab1_Slobodyan_Dmytro\la1_Tests\bin\Debug\net6.0\fine-code-coverage\build-output\la1_Tests.dll' is 'AnyCPU'
TpTrace Information: 0 : 14624, 1, 2022/05/07, 14:12:11.766, 1347406534154, vstest.console.dll, Determined platform for all sources: X64
TpTrace Information: 0 : 14624, 1, 2022/05/07, 14:12:11.766, 1347406534537, vstest.console.dll, Infered platform 'X64'.
TpTrace Information: 0 : 14624, 1, 2022/05/07, 14:12:11.766, 1347406534768, vstest.console.dll, Platform update to 'X64' required.
TpTrace Information: 0 : 14624, 1, 2022/05/07, 14:12:11.768, 1347406553364, vstest.console.dll, Compatible sources list : 
TpTrace Information: 0 : 14624, 1, 2022/05/07, 14:12:11.768, 1347406553866, vstest.console.dll, D:\KPI DOCS\1_DIMA_LABS\lab1_Slobodyan_Dmytro\la1_Tests\bin\Debug\net6.0\fine-code-coverage\build-output\la1_Tests.dll
TpTrace Information: 0 : 14624, 1, 2022/05/07, 14:12:11.770, 1347406570410, vstest.console.dll, InferRunSettingsHelper.IsTestSettingsEnabled: Unable to navigate to RunSettings/MSTest. Current node: RunSettings
TpTrace Information: 0 : 14624, 1, 2022/05/07, 14:12:11.770, 1347406574921, vstest.console.dll, AssemblyResolver.OnResolve: Microsoft.VisualStudio.TestPlatform.Fakes: Resolving assembly.
TpTrace Information: 0 : 14624, 1, 2022/05/07, 14:12:11.770, 1347406575370, vstest.console.dll, AssemblyResolver.OnResolve: Microsoft.VisualStudio.TestPlatform.Fakes: Searching in: 'C:\Program Files\dotnet\sdk\6.0.201\Extensions'.
TpTrace Information: 0 : 14624, 1, 2022/05/07, 14:12:11.770, 1347406576192, vstest.console.dll, AssemblyResolver.OnResolve: Microsoft.VisualStudio.TestPlatform.Fakes: Assembly path does not exist: 'C:\Program Files\dotnet\sdk\6.0.201\Extensions\Microsoft.VisualStudio.TestPlatform.Fakes.dll', returning.
TpTrace Information: 0 : 14624, 1, 2022/05/07, 14:12:11.770, 1347406576726, vstest.console.dll, AssemblyResolver.OnResolve: Microsoft.VisualStudio.TestPlatform.Fakes: Assembly path does not exist: 'C:\Program Files\dotnet\sdk\6.0.201\Extensions\Microsoft.VisualStudio.TestPlatform.Fakes.exe', returning.
TpTrace Information: 0 : 14624, 1, 2022/05/07, 14:12:11.770, 1347406576958, vstest.console.dll, AssemblyResolver.OnResolve: Microsoft.VisualStudio.TestPlatform.Fakes: Searching in: 'C:\Program Files\dotnet\sdk\6.0.201'.
TpTrace Information: 0 : 14624, 1, 2022/05/07, 14:12:11.770, 1347406577505, vstest.console.dll, AssemblyResolver.OnResolve: Microsoft.VisualStudio.TestPlatform.Fakes: Assembly path does not exist: 'C:\Program Files\dotnet\sdk\6.0.201\Microsoft.VisualStudio.TestPlatform.Fakes.dll', returning.
TpTrace Information: 0 : 14624, 1, 2022/05/07, 14:12:11.770, 1347406577980, vstest.console.dll, AssemblyResolver.OnResolve: Microsoft.VisualStudio.TestPlatform.Fakes: Assembly path does not exist: 'C:\Program Files\dotnet\sdk\6.0.201\Microsoft.VisualStudio.TestPlatform.Fakes.exe', returning.
TpTrace Information: 0 : 14624, 1, 2022/05/07, 14:12:11.770, 1347406578191, vstest.console.dll, AssemblyResolver.OnResolve: Microsoft.VisualStudio.TestPlatform.Fakes: Failed to load assembly.
TpTrace Information: 0 : 14624, 1, 2022/05/07, 14:12:11.771, 1347406580031, vstest.console.dll, Failed to load assembly Microsoft.VisualStudio.TestPlatform.Fakes, Version=17.0.0.0, Culture=neutral. Reason:System.IO.FileNotFoundException: Could not load file or assembly 'Microsoft.VisualStudio.TestPlatform.Fakes, Version=17.0.0.0, Culture=neutral, PublicKeyToken=null'. The system cannot find the file specified.
File name: 'Microsoft.VisualStudio.TestPlatform.Fakes, Version=17.0.0.0, Culture=neutral, PublicKeyToken=null'
   at System.Reflection.RuntimeAssembly.InternalLoad(ObjectHandleOnStack assemblyName, ObjectHandleOnStack requestingAssembly, StackCrawlMarkHandle stackMark, Boolean throwOnFileNotFound, ObjectHandleOnStack assemblyLoadContext, ObjectHandleOnStack retAssembly)
   at System.Reflection.RuntimeAssembly.InternalLoad(AssemblyName assemblyName, RuntimeAssembly requestingAssembly, StackCrawlMark& stackMark, Boolean throwOnFileNotFound, AssemblyLoadContext assemblyLoadContext)
   at System.Reflection.Assembly.Load(AssemblyName assemblyRef)
   at Microsoft.VisualStudio.TestPlatform.Common.Utilities.FakesUtilities.LoadTestPlatformAssembly()
TpTrace Verbose: 0 : 14624, 1, 2022/05/07, 14:12:11.773, 1347406604275, vstest.console.dll, TestPluginCache.DiscoverTestExtensions: finding test extensions in assemblies ends with: TestLogger.dll TPluginInfo: Microsoft.VisualStudio.TestPlatform.Common.ExtensionFramework.Utilities.TestLoggerPluginInformation TExtension: Microsoft.VisualStudio.TestPlatform.ObjectModel.Client.ITestLogger
TpTrace Verbose: 0 : 14624, 1, 2022/05/07, 14:12:11.773, 1347406604847, vstest.console.dll, TestPluginCache.GetExtensionPaths: Filtered extension paths: 
TpTrace Verbose: 0 : 14624, 1, 2022/05/07, 14:12:11.773, 1347406605118, vstest.console.dll, TestPluginCache.GetExtensionPaths: Added default extension paths: C:\Program Files\dotnet\sdk\6.0.201\Extensions\DumpMinitool.exe
C:\Program Files\dotnet\sdk\6.0.201\Extensions\DumpMinitool.x86.exe
C:\Program Files\dotnet\sdk\6.0.201\Extensions\Microsoft.Diagnostics.NETCore.Client.dll
C:\Program Files\dotnet\sdk\6.0.201\Extensions\Microsoft.TestPlatform.Extensions.BlameDataCollector.dll
C:\Program Files\dotnet\sdk\6.0.201\Extensions\Microsoft.TestPlatform.Extensions.EventLogCollector.dll
C:\Program Files\dotnet\sdk\6.0.201\Extensions\Microsoft.TestPlatform.TestHostRuntimeProvider.dll
C:\Program Files\dotnet\sdk\6.0.201\Extensions\Microsoft.VisualStudio.TestPlatform.Extensions.Html.TestLogger.dll
C:\Program Files\dotnet\sdk\6.0.201\Extensions\Microsoft.VisualStudio.TestPlatform.Extensions.Trx.TestLogger.dll
TpTrace Verbose: 0 : 14624, 1, 2022/05/07, 14:12:11.773, 1347406605376, vstest.console.dll, TestPluginCache.GetExtensionPaths: Added unfilterableExtensionPaths: 
TpTrace Information: 0 : 14624, 1, 2022/05/07, 14:12:11.773, 1347406606354, vstest.console.dll, AssemblyResolver.AddSearchDirectories: Adding more searchDirectories C:\Program Files\dotnet\sdk\6.0.201\Extensions,C:\Program Files\dotnet\sdk\6.0.201
TpTrace Verbose: 0 : 14624, 1, 2022/05/07, 14:12:11.773, 1347406606668, vstest.console.dll, TestPluginCache.DiscoverTestExtensions: Discovering the extensions using extension path.
TpTrace Verbose: 0 : 14624, 1, 2022/05/07, 14:12:11.773, 1347406606960, vstest.console.dll, TestPluginCache.GetExtensionPaths: Filtered extension paths: 
TpTrace Verbose: 0 : 14624, 1, 2022/05/07, 14:12:11.773, 1347406607165, vstest.console.dll, TestPluginCache.GetExtensionPaths: Added default extension paths: C:\Program Files\dotnet\sdk\6.0.201\Extensions\DumpMinitool.exe
C:\Program Files\dotnet\sdk\6.0.201\Extensions\DumpMinitool.x86.exe
C:\Program Files\dotnet\sdk\6.0.201\Extensions\Microsoft.Diagnostics.NETCore.Client.dll
C:\Program Files\dotnet\sdk\6.0.201\Extensions\Microsoft.TestPlatform.Extensions.BlameDataCollector.dll
C:\Program Files\dotnet\sdk\6.0.201\Extensions\Microsoft.TestPlatform.Extensions.EventLogCollector.dll
C:\Program Files\dotnet\sdk\6.0.201\Extensions\Microsoft.TestPlatform.TestHostRuntimeProvider.dll
C:\Program Files\dotnet\sdk\6.0.201\Extensions\Microsoft.VisualStudio.TestPlatform.Extensions.Html.TestLogger.dll
C:\Program Files\dotnet\sdk\6.0.201\Extensions\Microsoft.VisualStudio.TestPlatform.Extensions.Trx.TestLogger.dll
TpTrace Verbose: 0 : 14624, 1, 2022/05/07, 14:12:11.773, 1347406607496, vstest.console.dll, TestPluginCache.GetExtensionPaths: Added unfilterableExtensionPaths: 
TpTrace Verbose: 0 : 14624, 1, 2022/05/07, 14:12:11.773, 1347406607713, vstest.console.dll, TestPluginCache.DiscoverTestExtensions: Discovering the extensions using allExtensionPaths: C:\Program Files\dotnet\sdk\6.0.201\Extensions\DumpMinitool.exe
C:\Program Files\dotnet\sdk\6.0.201\Extensions\DumpMinitool.x86.exe
C:\Program Files\dotnet\sdk\6.0.201\Extensions\Microsoft.Diagnostics.NETCore.Client.dll
C:\Program Files\dotnet\sdk\6.0.201\Extensions\Microsoft.TestPlatform.Extensions.BlameDataCollector.dll
C:\Program Files\dotnet\sdk\6.0.201\Extensions\Microsoft.TestPlatform.Extensions.EventLogCollector.dll
C:\Program Files\dotnet\sdk\6.0.201\Extensions\Microsoft.TestPlatform.TestHostRuntimeProvider.dll
C:\Program Files\dotnet\sdk\6.0.201\Extensions\Microsoft.VisualStudio.TestPlatform.Extensions.Html.TestLogger.dll
C:\Program Files\dotnet\sdk\6.0.201\Extensions\Microsoft.VisualStudio.TestPlatform.Extensions.Trx.TestLogger.dll
TpTrace Information: 0 : 14624, 1, 2022/05/07, 14:12:11.773, 1347406608452, vstest.console.dll, AssemblyResolver.AddSearchDirectories: Adding more searchDirectories C:\Program Files\dotnet\sdk\6.0.201\Extensions,C:\Program Files\dotnet\sdk\6.0.201
TpTrace Information: 0 : 14624, 1, 2022/05/07, 14:12:11.773, 1347406608734, vstest.console.dll, AssemblyResolver.AddSearchDirectories: Adding more searchDirectories C:\Program Files\dotnet\sdk\6.0.201\Extensions,C:\Program Files\dotnet\sdk\6.0.201
TpTrace Information: 0 : 14624, 1, 2022/05/07, 14:12:11.773, 1347406608950, vstest.console.dll, AssemblyResolver.AddSearchDirectories: Adding more searchDirectories C:\Program Files\dotnet\sdk\6.0.201\Extensions,C:\Program Files\dotnet\sdk\6.0.201
TpTrace Information: 0 : 14624, 1, 2022/05/07, 14:12:11.774, 1347406609193, vstest.console.dll, AssemblyResolver.AddSearchDirectories: Adding more searchDirectories C:\Program Files\dotnet\sdk\6.0.201\Extensions,C:\Program Files\dotnet\sdk\6.0.201
TpTrace Information: 0 : 14624, 1, 2022/05/07, 14:12:11.774, 1347406609397, vstest.console.dll, AssemblyResolver.AddSearchDirectories: Adding more searchDirectories C:\Program Files\dotnet\sdk\6.0.201\Extensions,C:\Program Files\dotnet\sdk\6.0.201
TpTrace Information: 0 : 14624, 1, 2022/05/07, 14:12:11.774, 1347406609598, vstest.console.dll, AssemblyResolver.AddSearchDirectories: Adding more searchDirectories C:\Program Files\dotnet\sdk\6.0.201\Extensions,C:\Program Files\dotnet\sdk\6.0.201
TpTrace Information: 0 : 14624, 1, 2022/05/07, 14:12:11.774, 1347406609821, vstest.console.dll, AssemblyResolver.AddSearchDirectories: Adding more searchDirectories C:\Program Files\dotnet\sdk\6.0.201\Extensions,C:\Program Files\dotnet\sdk\6.0.201
TpTrace Information: 0 : 14624, 1, 2022/05/07, 14:12:11.774, 1347406610024, vstest.console.dll, AssemblyResolver.AddSearchDirectories: Adding more searchDirectories C:\Program Files\dotnet\sdk\6.0.201\Extensions,C:\Program Files\dotnet\sdk\6.0.201
TpTrace Information: 0 : 14624, 1, 2022/05/07, 14:12:11.774, 1347406612217, vstest.console.dll, AssemblyResolver.OnResolve: Microsoft.Bcl.AsyncInterfaces: Resolving assembly.
TpTrace Information: 0 : 14624, 1, 2022/05/07, 14:12:11.774, 1347406612533, vstest.console.dll, AssemblyResolver.OnResolve: Microsoft.Bcl.AsyncInterfaces: Resolved from cache.
TpTrace Verbose: 0 : 14624, 1, 2022/05/07, 14:12:11.774, 1347406612767, vstest.console.dll, CurrentDomainAssemblyResolve: Resolving assembly 'Microsoft.Bcl.AsyncInterfaces'.
TpTrace Information: 0 : 14624, 1, 2022/05/07, 14:12:11.774, 1347406613071, vstest.console.dll, AssemblyResolver.OnResolve: Microsoft.Bcl.AsyncInterfaces: Resolving assembly.
TpTrace Information: 0 : 14624, 1, 2022/05/07, 14:12:11.774, 1347406613274, vstest.console.dll, AssemblyResolver.OnResolve: Microsoft.Bcl.AsyncInterfaces: Resolved from cache.
TpTrace Verbose: 0 : 14624, 1, 2022/05/07, 14:12:11.774, 1347406613474, vstest.console.dll, CurrentDomainAssemblyResolve: Resolving assembly 'Microsoft.Bcl.AsyncInterfaces'.
TpTrace Verbose: 0 : 14624, 1, 2022/05/07, 14:12:11.774, 1347406613653, vstest.console.dll, CurrentDomainAssemblyResolve: Failed to resolve assembly 'Microsoft.Bcl.AsyncInterfaces'.
TpTrace Verbose: 0 : 14624, 1, 2022/05/07, 14:12:11.774, 1347406614639, vstest.console.dll, CurrentDomainAssemblyResolve: Failed to resolve assembly 'Microsoft.Bcl.AsyncInterfaces'.
TpTrace Warning: 0 : 14624, 1, 2022/05/07, 14:12:11.774, 1347406616998, vstest.console.dll, TestPluginDiscoverer: Failed to get types from assembly 'Microsoft.Diagnostics.NETCore.Client, Version=0.2.5.801, Culture=neutral, PublicKeyToken=31bf3856ad364e35'.  Skipping test extension scan for this assembly.  Error: System.Reflection.ReflectionTypeLoadException: Unable to load one or more of the requested types.
Could not load file or assembly 'Microsoft.Bcl.AsyncInterfaces, Version=1.0.0.0, Culture=neutral, PublicKeyToken=cc7b13ffcd2ddd51'. The system cannot find the file specified.
   at System.Reflection.RuntimeModule.GetTypes(RuntimeModule module)
   at System.Reflection.Assembly.GetTypes()
   at Microsoft.VisualStudio.TestPlatform.Common.ExtensionFramework.TestPluginDiscoverer.GetTestExtensionsFromAssembly[TPluginInfo,TExtension](Assembly assembly, Dictionary`2 pluginInfos)
System.IO.FileNotFoundException: Could not load file or assembly 'Microsoft.Bcl.AsyncInterfaces, Version=1.0.0.0, Culture=neutral, PublicKeyToken=cc7b13ffcd2ddd51'. The system cannot find the file specified.
File name: 'Microsoft.Bcl.AsyncInterfaces, Version=1.0.0.0, Culture=neutral, PublicKeyToken=cc7b13ffcd2ddd51'
 ---> System.IO.FileNotFoundException: Could not load file or assembly 'Microsoft.Bcl.AsyncInterfaces, Culture=neutral, PublicKeyToken=null'. The system cannot find the file specified.
File name: 'Microsoft.Bcl.AsyncInterfaces, Culture=neutral, PublicKeyToken=null'
   at System.Reflection.RuntimeAssembly.InternalLoad(ObjectHandleOnStack assemblyName, ObjectHandleOnStack requestingAssembly, StackCrawlMarkHandle stackMark, Boolean throwOnFileNotFound, ObjectHandleOnStack assemblyLoadContext, ObjectHandleOnStack retAssembly)
   at System.Reflection.RuntimeAssembly.InternalLoad(AssemblyName assemblyName, RuntimeAssembly requestingAssembly, StackCrawlMark& stackMark, Boolean throwOnFileNotFound, AssemblyLoadContext assemblyLoadContext)
   at System.Reflection.Assembly.Load(AssemblyName assemblyRef)
   at Microsoft.VisualStudio.TestPlatform.Common.ExtensionFramework.TestPluginCache.CurrentDomainAssemblyResolve(Object sender, AssemblyResolveEventArgs args)
   at Microsoft.VisualStudio.TestPlatform.PlatformAbstractions.PlatformAssemblyResolver.AssemblyResolverEvent(Object sender, Object eventArgs)
   at System.Runtime.Loader.AssemblyLoadContext.GetFirstResolvedAssemblyFromResolvingEvent(AssemblyName assemblyName)
   at System.Runtime.Loader.AssemblyLoadContext.ResolveUsingEvent(AssemblyName assemblyName)
   at System.Runtime.Loader.AssemblyLoadContext.ResolveUsingResolvingEvent(IntPtr gchManagedAssemblyLoadContext, AssemblyName assemblyName)
TpTrace Warning: 0 : 14624, 1, 2022/05/07, 14:12:11.774, 1347406618096, vstest.console.dll, LoaderExceptions: System.IO.FileNotFoundException: Could not load file or assembly 'Microsoft.Bcl.AsyncInterfaces, Version=1.0.0.0, Culture=neutral, PublicKeyToken=cc7b13ffcd2ddd51'. The system cannot find the file specified.
File name: 'Microsoft.Bcl.AsyncInterfaces, Version=1.0.0.0, Culture=neutral, PublicKeyToken=cc7b13ffcd2ddd51'
 ---> System.IO.FileNotFoundException: Could not load file or assembly 'Microsoft.Bcl.AsyncInterfaces, Culture=neutral, PublicKeyToken=null'. The system cannot find the file specified.
File name: 'Microsoft.Bcl.AsyncInterfaces, Culture=neutral, PublicKeyToken=null'
   at System.Reflection.RuntimeAssembly.InternalLoad(ObjectHandleOnStack assemblyName, ObjectHandleOnStack requestingAssembly, StackCrawlMarkHandle stackMark, Boolean throwOnFileNotFound, ObjectHandleOnStack assemblyLoadContext, ObjectHandleOnStack retAssembly)
   at System.Reflection.RuntimeAssembly.InternalLoad(AssemblyName assemblyName, RuntimeAssembly requestingAssembly, StackCrawlMark& stackMark, Boolean throwOnFileNotFound, AssemblyLoadContext assemblyLoadContext)
   at System.Reflection.Assembly.Load(AssemblyName assemblyRef)
   at Microsoft.VisualStudio.TestPlatform.Common.ExtensionFramework.TestPluginCache.CurrentDomainAssemblyResolve(Object sender, AssemblyResolveEventArgs args)
   at Microsoft.VisualStudio.TestPlatform.PlatformAbstractions.PlatformAssemblyResolver.AssemblyResolverEvent(Object sender, Object eventArgs)
   at System.Runtime.Loader.AssemblyLoadContext.GetFirstResolvedAssemblyFromResolvingEvent(AssemblyName assemblyName)
   at System.Runtime.Loader.AssemblyLoadContext.ResolveUsingEvent(AssemblyName assemblyName)
   at System.Runtime.Loader.AssemblyLoadContext.ResolveUsingResolvingEvent(IntPtr gchManagedAssemblyLoadContext, AssemblyName assemblyName)
TpTrace Verbose: 0 : 14624, 1, 2022/05/07, 14:12:11.775, 1347406620668, vstest.console.dll, TestPluginCache: Discovered the extensions using extension path ''.
TpTrace Verbose: 0 : 14624, 1, 2022/05/07, 14:12:11.775, 1347406620981, vstest.console.dll, TestPluginCache: Discoverers are ''.
TpTrace Verbose: 0 : 14624, 1, 2022/05/07, 14:12:11.775, 1347406621172, vstest.console.dll, TestPluginCache: Executors are ''.
TpTrace Verbose: 0 : 14624, 1, 2022/05/07, 14:12:11.775, 1347406621343, vstest.console.dll, TestPluginCache: Executors2 are ''.
TpTrace Verbose: 0 : 14624, 1, 2022/05/07, 14:12:11.775, 1347406621511, vstest.console.dll, TestPluginCache: Setting providers are ''.
TpTrace Verbose: 0 : 14624, 1, 2022/05/07, 14:12:11.775, 1347406621975, vstest.console.dll, TestPluginCache: Loggers are 'logger://Microsoft/TestPlatform/Extensions/Blame/v1,logger://Microsoft/TestPlatform/HtmlLogger/v1,logger://Microsoft/TestPlatform/TrxLogger/v1'.
TpTrace Information: 0 : 14624, 1, 2022/05/07, 14:12:11.775, 1347406626378, vstest.console.dll, TestPluginManager.CreateTestExtension: Attempting to load test extension: Microsoft.TestPlatform.Extensions.BlameDataCollector.BlameLogger
TpTrace Information: 0 : 14624, 1, 2022/05/07, 14:12:11.779, 1347406665271, vstest.console.dll, TestPluginManager.CreateTestExtension: Attempting to load test extension: Microsoft.VisualStudio.TestPlatform.CrossPlatEngine.Hosting.DefaultTestHostManager
TpTrace Information: 0 : 14624, 1, 2022/05/07, 14:12:11.780, 1347406675495, vstest.console.dll, TestPluginManager.CreateTestExtension: Attempting to load test extension: Microsoft.VisualStudio.TestPlatform.CrossPlatEngine.Hosting.DotnetTestHostManager
TpTrace Verbose: 0 : 14624, 1, 2022/05/07, 14:12:11.781, 1347406679564, vstest.console.dll, TestEngine: Initializing Parallel Execution as MaxCpuCount is set to: 1
TpTrace Information: 0 : 14624, 1, 2022/05/07, 14:12:11.781, 1347406683293, vstest.console.dll, InferRunSettingsHelper.IsTestSettingsEnabled: Unable to navigate to RunSettings/MSTest. Current node: RunSettings
TpTrace Verbose: 0 : 14624, 1, 2022/05/07, 14:12:11.789, 1347406765451, vstest.console.dll, TestRequestSender is acting as server
TpTrace Verbose: 0 : 14624, 5, 2022/05/07, 14:12:11.792, 1347406793663, vstest.console.dll, DataCollectionRequestSender.InitializeCommunication : Initialize communication. 
TpTrace Information: 0 : 14624, 5, 2022/05/07, 14:12:11.796, 1347406830375, vstest.console.dll, Listening on Endpoint : 127.0.0.1:64653
TpTrace Verbose: 0 : 14624, 5, 2022/05/07, 14:12:11.803, 1347406899522, vstest.console.dll, DotnetDataCollectionLauncher: Full path of dotnet.exe is C:\Program Files\dotnet\dotnet.exe
TpTrace Verbose: 0 : 14624, 5, 2022/05/07, 14:12:11.803, 1347406900774, vstest.console.dll, DotnetDataCollectionLauncher: Adding  --runtimeconfig "C:\Program Files\dotnet\sdk\6.0.201\datacollector.runtimeconfig.json" in args
TpTrace Verbose: 0 : 14624, 5, 2022/05/07, 14:12:11.803, 1347406901347, vstest.console.dll, DotnetDataCollectionLauncher: Adding  --depsfile "C:\Program Files\dotnet\sdk\6.0.201\datacollector.deps.json" in args
TpTrace Information: 0 : 14624, 5, 2022/05/07, 14:12:11.808, 1347406957080, vstest.console.dll, ProxyDataCollectionManager.Initialize: Launched datacollector processId: 21896 port: 64653
TpTrace Information: 0 : 14624, 5, 2022/05/07, 14:12:11.808, 1347406958262, vstest.console.dll, ProxyDataCollectionManager.Initialize: waiting for connection with timeout: 90 seconds
TpTrace Verbose: 0 : 14624, 5, 2022/05/07, 14:12:11.808, 1347406958781, vstest.console.dll, DataCollectionRequestSender.WaitForRequestHandlerConnection : Waiting for connection with timeout: 90000
TpTrace Information: 0 : 14624, 8, 2022/05/07, 14:12:11.890, 1347407776330, vstest.console.dll, Using the buffer size of 16384 bytes
TpTrace Verbose: 0 : 14624, 5, 2022/05/07, 14:12:11.890, 1347407776768, vstest.console.dll, ProxyDataCollectionManager.InvokeDataCollectionServiceAction: Starting.
TpTrace Information: 0 : 14624, 8, 2022/05/07, 14:12:11.890, 1347407776962, vstest.console.dll, Accepted Client request and set the flag
TpTrace Information: 0 : 14624, 5, 2022/05/07, 14:12:11.890, 1347407777561, vstest.console.dll, ProxyDataCollectionManager.BeforeTestRunStart: Get environment variable and port for datacollector processId: 21896 port: 64653
TpTrace Verbose: 0 : 14624, 5, 2022/05/07, 14:12:11.890, 1347407778376, vstest.console.dll, DataCollectionRequestSender.SendBeforeTestRunStartAndGetResult : Send BeforeTestRunStart message with settingsXml <RunSettings><RunConfiguration><ResultsDirectory>D:\KPI DOCS\1_DIMA_LABS\lab1_Slobodyan_Dmytro\la1_Tests\bin\Debug\net6.0\fine-code-coverage\coverage-tool-output</ResultsDirectory><TargetPlatform>X64</TargetPlatform><TargetFrameworkVersion>.NETCoreApp,Version=v6.0</TargetFrameworkVersion><DesignMode>False</DesignMode><CollectSourceInformation>False</CollectSourceInformation><TestAdaptersPaths>C:\Program Files\dotnet\sdk\6.0.201\Extensions</TestAdaptersPaths></RunConfiguration><LoggerRunSettings><Loggers><Logger friendlyName="blame" enabled="True" /><Logger friendlyName="Console" uri="logger://microsoft/TestPlatform/ConsoleLogger/v1" assemblyQualifiedName="Microsoft.VisualStudio.TestPlatform.CommandLine.Internal.ConsoleLogger, vstest.console, Version=15.0.0.0, Culture=neutral, PublicKeyToken=b03f5f7f11d50a3a" codeBase="C:\Program Files\dotnet\sdk\6.0.201\vstest.console.dll" enabled="True" /></Loggers></LoggerRunSettings><DataCollectionRunSettings><DataCollectors><DataCollector friendlyName="blame" enabled="True"><Configuration><ResultsDirectory>D:\KPI DOCS\1_DIMA_LABS\lab1_Slobodyan_Dmytro\la1_Tests\bin\Debug\net6.0\fine-code-coverage\coverage-tool-output</ResultsDirectory></Configuration></DataCollector></DataCollectors></DataCollectionRunSettings></RunSettings> and sources System.Linq.Enumerable+Concat2Iterator`1[System.String]: 
TpTrace Verbose: 0 : 14624, 5, 2022/05/07, 14:12:11.942, 1347408291800, vstest.console.dll, DataCollectionRequestSender.SendBeforeTestRunStartAndGetResult : Received message: (DataCollection.SendMessage) -> {
  "FriendlyName": null,
  "Uri": null,
  "TestCaseId": "00000000-0000-0000-0000-000000000000",
  "Message": "Logging DataCollector Diagnostics in file: D:\\KPI DOCS\\1_DIMA_LABS\\lab1_Slobodyan_Dmytro\\la1_Tests\\bin\\Debug\\net6.0\\fine-code-coverage\\coverage-tool-output\\diagnostics.datacollector.22-05-07_14-12-11_80045_5.log",
  "Level": 0
}
TpTrace Verbose: 0 : 14624, 5, 2022/05/07, 14:12:11.989, 1347408768167, vstest.console.dll, DataCollectionRequestSender.SendBeforeTestRunStartAndGetResult : Received message: (DataCollection.BeforeTestRunStartResult) -> {
  "EnvironmentVariables": {},
  "DataCollectionEventsPort": 64658
}
TpTrace Information: 0 : 14624, 5, 2022/05/07, 14:12:11.993, 1347408803415, vstest.console.dll, ProxyDataCollectionManager.BeforeTestRunStart: SendBeforeTestRunStartAndGetResult successful, env variable from datacollector:   and testhost port: 64658
TpTrace Information: 0 : 14624, 5, 2022/05/07, 14:12:11.993, 1347408803944, vstest.console.dll, ProxyDataCollectionManager.InvokeDataCollectionServiceAction: Completed.
TpTrace Verbose: 0 : 14624, 1, 2022/05/07, 14:12:11.993, 1347408805170, vstest.console.dll, TestRunRequest.ExecuteAsync: Creating test run request.
TpTrace Verbose: 0 : 14624, 1, 2022/05/07, 14:12:11.993, 1347408806929, vstest.console.dll, TestRunRequest.ExecuteAsync: Starting.
TpTrace Information: 0 : 14624, 1, 2022/05/07, 14:12:11.994, 1347408809122, vstest.console.dll, TestRunRequest.ExecuteAsync: Starting run with settings:TestRunCriteria:
   KeepAlive=False,FrequencyOfRunStatsChangeEvent=10,RunStatsChangeEventTimeout=00:00:01.5000000,TestCaseFilter=,TestExecutorLauncher=
   Settingsxml=<RunSettings>
  <RunConfiguration>
    <ResultsDirectory>D:\KPI DOCS\1_DIMA_LABS\lab1_Slobodyan_Dmytro\la1_Tests\bin\Debug\net6.0\fine-code-coverage\coverage-tool-output</ResultsDirectory>
    <TargetPlatform>X64</TargetPlatform>
    <TargetFrameworkVersion>.NETCoreApp,Version=v6.0</TargetFrameworkVersion>
    <DesignMode>False</DesignMode>
    <CollectSourceInformation>False</CollectSourceInformation>
  </RunConfiguration>
  <LoggerRunSettings>
    <Loggers>
      <Logger friendlyName="blame" enabled="True" />
      <Logger friendlyName="Console" uri="logger://microsoft/TestPlatform/ConsoleLogger/v1" assemblyQualifiedName="Microsoft.VisualStudio.TestPlatform.CommandLine.Internal.ConsoleLogger, vstest.console, Version=15.0.0.0, Culture=neutral, PublicKeyToken=b03f5f7f11d50a3a" codeBase="C:\Program Files\dotnet\sdk\6.0.201\vstest.console.dll" enabled="True" />
    </Loggers>
  </LoggerRunSettings>
  <DataCollectionRunSettings>
    <DataCollectors>
      <DataCollector friendlyName="blame" enabled="True">
        <Configuration>
          <ResultsDirectory>D:\KPI DOCS\1_DIMA_LABS\lab1_Slobodyan_Dmytro\la1_Tests\bin\Debug\net6.0\fine-code-coverage\coverage-tool-output</ResultsDirectory>
        </Configuration>
      </DataCollector>
    </DataCollectors>
  </DataCollectionRunSettings>
</RunSettings>

TpTrace Verbose: 0 : 14624, 1, 2022/05/07, 14:12:11.994, 1347408809489, vstest.console.dll, TestRunRequest.ExecuteAsync: Wait for the first run request is over.
TpTrace Verbose: 0 : 14624, 1, 2022/05/07, 14:12:11.994, 1347408812195, vstest.console.dll, ParallelProxyExecutionManager: Start execution. Total sources: 1
TpTrace Information: 0 : 14624, 1, 2022/05/07, 14:12:11.994, 1347408816186, vstest.console.dll, ProxyParallelExecutionManager: Triggering test run for next source: D:\KPI DOCS\1_DIMA_LABS\lab1_Slobodyan_Dmytro\la1_Tests\bin\Debug\net6.0\fine-code-coverage\build-output\la1_Tests.dll
TpTrace Verbose: 0 : 14624, 1, 2022/05/07, 14:12:11.994, 1347408817326, vstest.console.dll, ProxyParallelExecutionManager: No sources available for execution.
TpTrace Verbose: 0 : 14624, 5, 2022/05/07, 14:12:11.994, 1347408817498, vstest.console.dll, ParallelProxyExecutionManager: Execution started. Started clients: 1
TpTrace Information: 0 : 14624, 1, 2022/05/07, 14:12:11.994, 1347408817957, vstest.console.dll, TestRunRequest.ExecuteAsync: Started.
TpTrace Verbose: 0 : 14624, 1, 2022/05/07, 14:12:11.995, 1347408819388, vstest.console.dll, TestRunRequest.WaitForCompletion: Waiting with timeout -1.
TpTrace Verbose: 0 : 14624, 5, 2022/05/07, 14:12:11.995, 1347408821018, vstest.console.dll, TestRunRequest:SendTestRunMessage: Starting.
TpTrace Information: 0 : 14624, 5, 2022/05/07, 14:12:11.995, 1347408822842, vstest.console.dll, TestRunRequest:SendTestRunMessage: Completed.
TpTrace Verbose: 0 : 14624, 5, 2022/05/07, 14:12:11.995, 1347408824809, vstest.console.dll, ProxyExecutionManager: Test host is always Lazy initialize.
TpTrace Verbose: 0 : 14624, 5, 2022/05/07, 14:12:11.995, 1347408827103, vstest.console.dll, TestRequestSender.InitializeCommunication: initialize communication. 
TpTrace Information: 0 : 14624, 5, 2022/05/07, 14:12:11.996, 1347408831461, vstest.console.dll, SocketServer.Start: Listening on endpoint : 127.0.0.1:64659
TpTrace Verbose: 0 : 14624, 5, 2022/05/07, 14:12:11.996, 1347408836257, vstest.console.dll, DotnetTestHostmanager.GetTestHostProcessStartInfo: Platform environment 'X64' target architecture 'X64' framework '.NETCoreApp,Version=v6.0' OS 'Windows'
TpTrace Verbose: 0 : 14624, 5, 2022/05/07, 14:12:11.996, 1347408837408, vstest.console.dll, DotnetTestHostmanager: Adding  --runtimeconfig "D:\KPI DOCS\1_DIMA_LABS\lab1_Slobodyan_Dmytro\la1_Tests\bin\Debug\net6.0\fine-code-coverage\build-output\la1_Tests.runtimeconfig.json" in args
TpTrace Verbose: 0 : 14624, 5, 2022/05/07, 14:12:11.996, 1347408837825, vstest.console.dll, DotnetTestHostmanager: Adding  --depsfile "D:\KPI DOCS\1_DIMA_LABS\lab1_Slobodyan_Dmytro\la1_Tests\bin\Debug\net6.0\fine-code-coverage\build-output\la1_Tests.deps.json" in args
TpTrace Verbose: 0 : 14624, 5, 2022/05/07, 14:12:11.998, 1347408850514, vstest.console.dll, DotnetTestHostmanager.IsWinOnArm: Current PROCESSOR_ARCHITECTURE from registry 'AMD64'
TpTrace Verbose: 0 : 14624, 5, 2022/05/07, 14:12:11.998, 1347408851216, vstest.console.dll, DotnetTestHostmanager.IsWinOnArm: Is Windows on ARM 'False'
TpTrace Verbose: 0 : 14624, 5, 2022/05/07, 14:12:11.998, 1347408851679, vstest.console.dll, DotnetTestHostManager: testhost.exe found at path: D:\KPI DOCS\1_DIMA_LABS\lab1_Slobodyan_Dmytro\la1_Tests\bin\Debug\net6.0\fine-code-coverage\build-output\testhost.exe
TpTrace Verbose: 0 : 14624, 5, 2022/05/07, 14:12:11.998, 1347408851946, vstest.console.dll, DotnetTestHostmanager: Full path of host exe is D:\KPI DOCS\1_DIMA_LABS\lab1_Slobodyan_Dmytro\la1_Tests\bin\Debug\net6.0\fine-code-coverage\build-output\testhost.exe
TpTrace Verbose: 0 : 14624, 5, 2022/05/07, 14:12:11.998, 1347408852878, vstest.console.dll, DotnetTestHostmanager.LaunchTestHostAsync: Found 'VSTEST_WINAPPHOST_DOTNET_ROOT' in env variables, value 'C:\Program Files\dotnet'
TpTrace Verbose: 0 : 14624, 7, 2022/05/07, 14:12:11.998, 1347408858312, vstest.console.dll, DotnetTestHostManager: Starting process 'D:\KPI DOCS\1_DIMA_LABS\lab1_Slobodyan_Dmytro\la1_Tests\bin\Debug\net6.0\fine-code-coverage\build-output\testhost.exe' with command line ' --runtimeconfig "D:\KPI DOCS\1_DIMA_LABS\lab1_Slobodyan_Dmytro\la1_Tests\bin\Debug\net6.0\fine-code-coverage\build-output\la1_Tests.runtimeconfig.json" --depsfile "D:\KPI DOCS\1_DIMA_LABS\lab1_Slobodyan_Dmytro\la1_Tests\bin\Debug\net6.0\fine-code-coverage\build-output\la1_Tests.deps.json" --port 64659 --endpoint 127.0.0.1:064659 --role client --parentprocessid 14624 --diag "D:\KPI DOCS\1_DIMA_LABS\lab1_Slobodyan_Dmytro\la1_Tests\bin\Debug\net6.0\fine-code-coverage\coverage-tool-output\diagnostics.host.22-05-07_14-12-11_99645_5.log" --tracelevel 4 --datacollectionport 64658 --telemetryoptedin false'
TpTrace Verbose: 0 : 14624, 7, 2022/05/07, 14:12:12.002, 1347408893486, vstest.console.dll, Test Runtime launched
TpTrace Verbose: 0 : 14624, 5, 2022/05/07, 14:12:12.002, 1347408897438, vstest.console.dll, TestRequestSender.WaitForRequestHandlerConnection: waiting for connection with timeout: 90000
TpTrace Verbose: 0 : 14624, 7, 2022/05/07, 14:12:12.089, 1347409768486, vstest.console.dll, SocketServer.OnClientConnected: Client connected for endPoint: 127.0.0.1:64659, starting MessageLoopAsync:
TpTrace Verbose: 0 : 14624, 14, 2022/05/07, 14:12:12.090, 1347409770176, vstest.console.dll, TcpClientExtensions.MessageLoopAsync: Polling on remoteEndPoint: 127.0.0.1:64660 localEndPoint: 127.0.0.1:64659
TpTrace Verbose: 0 : 14624, 5, 2022/05/07, 14:12:12.090, 1347409774890, vstest.console.dll, TestRequestSender.CheckVersionWithTestHost: Sending check version message: {"MessageType":"ProtocolVersion","Payload":5}
TpTrace Verbose: 0 : 14624, 14, 2022/05/07, 14:12:12.186, 1347410730817, vstest.console.dll, TcpClientExtensions.MessageLoopAsync: NotifyDataAvailable remoteEndPoint: 127.0.0.1:64660 localEndPoint: 127.0.0.1:64659
TpTrace Verbose: 0 : 14624, 14, 2022/05/07, 14:12:12.186, 1347410732416, vstest.console.dll, TestRequestSender.CheckVersionWithTestHost: onMessageReceived received message: (ProtocolVersion) -> 5
TpTrace Verbose: 0 : 14624, 14, 2022/05/07, 14:12:12.186, 1347410734541, vstest.console.dll, TcpClientExtensions.MessageLoopAsync: Polling on remoteEndPoint: 127.0.0.1:64660 localEndPoint: 127.0.0.1:64659
TpTrace Verbose: 0 : 14624, 5, 2022/05/07, 14:12:12.186, 1347410735409, vstest.console.dll, TestPluginCache.GetExtensionPaths: Filtered extension paths: 
TpTrace Verbose: 0 : 14624, 5, 2022/05/07, 14:12:12.186, 1347410735805, vstest.console.dll, TestPluginCache.GetExtensionPaths: Added default extension paths: C:\Program Files\dotnet\sdk\6.0.201\Extensions\DumpMinitool.exe
C:\Program Files\dotnet\sdk\6.0.201\Extensions\DumpMinitool.x86.exe
C:\Program Files\dotnet\sdk\6.0.201\Extensions\Microsoft.Diagnostics.NETCore.Client.dll
C:\Program Files\dotnet\sdk\6.0.201\Extensions\Microsoft.TestPlatform.Extensions.BlameDataCollector.dll
C:\Program Files\dotnet\sdk\6.0.201\Extensions\Microsoft.TestPlatform.Extensions.EventLogCollector.dll
C:\Program Files\dotnet\sdk\6.0.201\Extensions\Microsoft.TestPlatform.TestHostRuntimeProvider.dll
C:\Program Files\dotnet\sdk\6.0.201\Extensions\Microsoft.VisualStudio.TestPlatform.Extensions.Html.TestLogger.dll
C:\Program Files\dotnet\sdk\6.0.201\Extensions\Microsoft.VisualStudio.TestPlatform.Extensions.Trx.TestLogger.dll
TpTrace Verbose: 0 : 14624, 5, 2022/05/07, 14:12:12.186, 1347410736136, vstest.console.dll, TestPluginCache.GetExtensionPaths: Added unfilterableExtensionPaths: 
TpTrace Verbose: 0 : 14624, 5, 2022/05/07, 14:12:12.188, 1347410756677, vstest.console.dll, TestRequestSender.InitializeExecution: Sending initialize execution with message: {"Version":5,"MessageType":"TestExecution.Initialize","Payload":["D:\\KPI DOCS\\1_DIMA_LABS\\lab1_Slobodyan_Dmytro\\la1_Tests\\bin\\Debug\\net6.0\\fine-code-coverage\\build-output\\NUnit3.TestAdapter.dll"]}
TpTrace Warning: 0 : 14624, 5, 2022/05/07, 14:12:12.188, 1347410758833, vstest.console.dll, InferRunSettingsHelper.MakeRunsettingsCompatible: Removing the following settings: TargetPlatform from RunSettings file. To use those settings please move to latest version of Microsoft.NET.Test.Sdk
TpTrace Verbose: 0 : 14624, 14, 2022/05/07, 14:12:12.193, 1347410801416, vstest.console.dll, TcpClientExtensions.MessageLoopAsync: NotifyDataAvailable remoteEndPoint: 127.0.0.1:64660 localEndPoint: 127.0.0.1:64659
TpTrace Verbose: 0 : 14624, 14, 2022/05/07, 14:12:12.193, 1347410802326, vstest.console.dll, TestRequestSender.OnExecutionMessageReceived: Received message: {"Version":5,"MessageType":"TestSession.Message","Payload":{"MessageLevel":0,"Message":"Logging TestHost Diagnostics in file: D:\\KPI DOCS\\1_DIMA_LABS\\lab1_Slobodyan_Dmytro\\la1_Tests\\bin\\Debug\\net6.0\\fine-code-coverage\\coverage-tool-output\\diagnostics.host.22-05-07_14-12-11_99645_5.log"}}
TpTrace Verbose: 0 : 14624, 5, 2022/05/07, 14:12:12.194, 1347410811900, vstest.console.dll, TestRequestSender.StartTestRun: Sending test run with message: {"Version":5,"MessageType":"TestExecution.StartWithSources","Payload":{"AdapterSourceMap":{"_none_":["D:\\KPI DOCS\\1_DIMA_LABS\\lab1_Slobodyan_Dmytro\\la1_Tests\\bin\\Debug\\net6.0\\fine-code-coverage\\build-output\\la1_Tests.dll"]},"RunSettings":"<RunSettings>\r\n  <RunConfiguration>\r\n    <ResultsDirectory>D:\\KPI DOCS\\1_DIMA_LABS\\lab1_Slobodyan_Dmytro\\la1_Tests\\bin\\Debug\\net6.0\\fine-code-coverage\\coverage-tool-output</ResultsDirectory>\r\n    <TargetFrameworkVersion>.NETCoreApp,Version=v6.0</TargetFrameworkVersion>\r\n    <DesignMode>False</DesignMode>\r\n    <CollectSourceInformation>False</CollectSourceInformation>\r\n  </RunConfiguration>\r\n  <LoggerRunSettings>\r\n    <Loggers>\r\n      <Logger friendlyName=\"blame\" enabled=\"True\" />\r\n      <Logger friendlyName=\"Console\" uri=\"logger://microsoft/TestPlatform/ConsoleLogger/v1\" assemblyQualifiedName=\"Microsoft.VisualStudio.TestPlatform.CommandLine.Internal.ConsoleLogger, vstest.console, Version=15.0.0.0, Culture=neutral, PublicKeyToken=b03f5f7f11d50a3a\" codeBase=\"C:\\Program Files\\dotnet\\sdk\\6.0.201\\vstest.console.dll\" enabled=\"True\" />\r\n    </Loggers>\r\n  </LoggerRunSettings>\r\n  <DataCollectionRunSettings>\r\n    <DataCollectors>\r\n      <DataCollector friendlyName=\"blame\" enabled=\"True\">\r\n        <Configuration>\r\n          <ResultsDirectory>D:\\KPI DOCS\\1_DIMA_LABS\\lab1_Slobodyan_Dmytro\\la1_Tests\\bin\\Debug\\net6.0\\fine-code-coverage\\coverage-tool-output</ResultsDirectory>\r\n        </Configuration>\r\n      </DataCollector>\r\n    </DataCollectors>\r\n  </DataCollectionRunSettings>\r\n</RunSettings>","TestExecutionContext":{"FrequencyOfRunStatsChangeEvent":10,"RunStatsChangeEventTimeout":"00:00:01.5000000","InIsolation":false,"KeepAlive":false,"AreTestCaseLevelEventsRequired":false,"IsDebug":false,"TestCaseFilter":null,"FilterOptions":null},"Package":null}}
TpTrace Verbose: 0 : 14624, 14, 2022/05/07, 14:12:12.194, 1347410813319, vstest.console.dll, TestRunRequest:SendTestRunMessage: Starting.
TpTrace Information: 0 : 14624, 14, 2022/05/07, 14:12:12.194, 1347410813851, vstest.console.dll, TestRunRequest:SendTestRunMessage: Completed.
TpTrace Verbose: 0 : 14624, 14, 2022/05/07, 14:12:12.194, 1347410814093, vstest.console.dll, TcpClientExtensions.MessageLoopAsync: Polling on remoteEndPoint: 127.0.0.1:64660 localEndPoint: 127.0.0.1:64659
TpTrace Verbose: 0 : 14624, 14, 2022/05/07, 14:12:12.309, 1347411960661, vstest.console.dll, TcpClientExtensions.MessageLoopAsync: NotifyDataAvailable remoteEndPoint: 127.0.0.1:64660 localEndPoint: 127.0.0.1:64659
TpTrace Verbose: 0 : 14624, 14, 2022/05/07, 14:12:12.309, 1347411964393, vstest.console.dll, TestRequestSender.OnExecutionMessageReceived: Received message: {"Version":5,"MessageType":"TestSession.Message","Payload":{"MessageLevel":0,"Message":"NUnit Adapter 4.0.0.0: Test execution started"}}
TpTrace Verbose: 0 : 14624, 14, 2022/05/07, 14:12:12.309, 1347411966098, vstest.console.dll, TestRunRequest:SendTestRunMessage: Starting.
TpTrace Information: 0 : 14624, 14, 2022/05/07, 14:12:12.309, 1347411966502, vstest.console.dll, TestRunRequest:SendTestRunMessage: Completed.
TpTrace Verbose: 0 : 14624, 14, 2022/05/07, 14:12:12.309, 1347411966738, vstest.console.dll, TcpClientExtensions.MessageLoopAsync: Polling on remoteEndPoint: 127.0.0.1:64660 localEndPoint: 127.0.0.1:64659
TpTrace Verbose: 0 : 14624, 14, 2022/05/07, 14:12:12.330, 1347412176148, vstest.console.dll, TcpClientExtensions.MessageLoopAsync: NotifyDataAvailable remoteEndPoint: 127.0.0.1:64660 localEndPoint: 127.0.0.1:64659
TpTrace Verbose: 0 : 14624, 14, 2022/05/07, 14:12:12.330, 1347412176958, vstest.console.dll, TestRequestSender.OnExecutionMessageReceived: Received message: {"Version":5,"MessageType":"TestSession.Message","Payload":{"MessageLevel":0,"Message":"Running all tests in D:\\KPI DOCS\\1_DIMA_LABS\\lab1_Slobodyan_Dmytro\\la1_Tests\\bin\\Debug\\net6.0\\fine-code-coverage\\build-output\\la1_Tests.dll"}}
TpTrace Verbose: 0 : 14624, 14, 2022/05/07, 14:12:12.330, 1347412178565, vstest.console.dll, TestRunRequest:SendTestRunMessage: Starting.
TpTrace Information: 0 : 14624, 14, 2022/05/07, 14:12:12.330, 1347412178988, vstest.console.dll, TestRunRequest:SendTestRunMessage: Completed.
TpTrace Verbose: 0 : 14624, 14, 2022/05/07, 14:12:12.331, 1347412179520, vstest.console.dll, TcpClientExtensions.MessageLoopAsync: Polling on remoteEndPoint: 127.0.0.1:64660 localEndPoint: 127.0.0.1:64659
TpTrace Verbose: 0 : 14624, 14, 2022/05/07, 14:12:12.426, 1347413129293, vstest.console.dll, TcpClientExtensions.MessageLoopAsync: NotifyDataAvailable remoteEndPoint: 127.0.0.1:64660 localEndPoint: 127.0.0.1:64659
TpTrace Verbose: 0 : 14624, 14, 2022/05/07, 14:12:12.426, 1347413130278, vstest.console.dll, TestRequestSender.OnExecutionMessageReceived: Received message: {"Version":5,"MessageType":"TestSession.Message","Payload":{"MessageLevel":0,"Message":"   NUnit3TestExecutor discovered 18 of 18 NUnit test cases using Current Discovery mode, Non-Explicit run"}}
TpTrace Verbose: 0 : 14624, 14, 2022/05/07, 14:12:12.426, 1347413131940, vstest.console.dll, TestRunRequest:SendTestRunMessage: Starting.
TpTrace Information: 0 : 14624, 14, 2022/05/07, 14:12:12.426, 1347413132330, vstest.console.dll, TestRunRequest:SendTestRunMessage: Completed.
TpTrace Verbose: 0 : 14624, 14, 2022/05/07, 14:12:12.426, 1347413132582, vstest.console.dll, TcpClientExtensions.MessageLoopAsync: Polling on remoteEndPoint: 127.0.0.1:64660 localEndPoint: 127.0.0.1:64659
TpTrace Verbose: 0 : 14624, 14, 2022/05/07, 14:12:12.524, 1347414109162, vstest.console.dll, TcpClientExtensions.MessageLoopAsync: NotifyDataAvailable remoteEndPoint: 127.0.0.1:64660 localEndPoint: 127.0.0.1:64659
TpTrace Verbose: 0 : 14624, 14, 2022/05/07, 14:12:12.524, 1347414111034, vstest.console.dll, TestRequestSender.OnExecutionMessageReceived: Received message: {"Version":5,"MessageType":"TestExecution.StatsChange","Payload":{"NewTestResults":[{"TestCase":{"Id":"c4cd40da-8b0a-fbc0-9ec4-e61ea383efd9","FullyQualifiedName":"la1_Tests.Tests.AddNewElement_ThrowsArgumentException","DisplayName":"AddNewElement_ThrowsArgumentException","ExecutorUri":"executor://NUnit3TestExecutor","Source":"D:\\KPI DOCS\\1_DIMA_LABS\\lab1_Slobodyan_Dmytro\\la1_Tests\\bin\\Debug\\net6.0\\fine-code-coverage\\build-output\\la1_Tests.dll","CodeFilePath":null,"LineNumber":0,"Properties":[{"Key":{"Id":"NUnit.Seed","Label":"Seed","Category":"","Description":"","Attributes":0,"ValueType":"System.String"},"Value":"1191049377"}]},"Attachments":[],"Outcome":1,"ErrorMessage":null,"ErrorStackTrace":null,"DisplayName":"AddNewElement_ThrowsArgumentException","Messages":[],"ComputerName":"LEGION","Duration":"00:00:00.0095610","StartTime":"2022-05-07T11:12:12.4470361+00:00","EndTime":"2022-05-07T11:12:12.4564937+00:00","Properties":[{"Key":{"Id":"NUnit.Seed","Label":"Seed","Category":"","Description":"","Attributes":0,"ValueType":"System.String"},"Value":"1191049377"}]},{"TestCase":{"Id":"dca9a8f6-47c1-1465-0360-c0148af82560","FullyQualifiedName":"la1_Tests.Tests.AddNewElement_ThrowsNullReferenceException","DisplayName":"AddNewElement_ThrowsNullReferenceException","ExecutorUri":"executor://NUnit3TestExecutor","Source":"D:\\KPI DOCS\\1_DIMA_LABS\\lab1_Slobodyan_Dmytro\\la1_Tests\\bin\\Debug\\net6.0\\fine-code-coverage\\build-output\\la1_Tests.dll","CodeFilePath":null,"LineNumber":0,"Properties":[{"Key":{"Id":"NUnit.Seed","Label":"Seed","Category":"","Description":"","Attributes":0,"ValueType":"System.String"},"Value":"947158361"}]},"Attachments":[],"Outcome":1,"ErrorMessage":null,"ErrorStackTrace":null,"DisplayName":"AddNewElement_ThrowsNullReferenceException","Messages":[],"ComputerName":"LEGION","Duration":"00:00:00.0002560","StartTime":"2022-05-07T11:12:12.4579832+00:00","EndTime":"2022-05-07T11:12:12.4582389+00:00","Properties":[{"Key":{"Id":"NUnit.Seed","Label":"Seed","Category":"","Description":"","Attributes":0,"ValueType":"System.String"},"Value":"947158361"}]},{"TestCase":{"Id":"24646be9-b1f0-ccaf-0ea6-393b31c4834c","FullyQualifiedName":"la1_Tests.Tests.AddNewElementToBlankIntList_ShouldAddNewElementToList","DisplayName":"AddNewElementToBlankIntList_ShouldAddNewElementToList","ExecutorUri":"executor://NUnit3TestExecutor","Source":"D:\\KPI DOCS\\1_DIMA_LABS\\lab1_Slobodyan_Dmytro\\la1_Tests\\bin\\Debug\\net6.0\\fine-code-coverage\\build-output\\la1_Tests.dll","CodeFilePath":null,"LineNumber":0,"Properties":[{"Key":{"Id":"NUnit.Seed","Label":"Seed","Category":"","Description":"","Attributes":0,"ValueType":"System.String"},"Value":"325000863"}]},"Attachments":[],"Outcome":1,"ErrorMessage":null,"ErrorStackTrace":null,"DisplayName":"AddNewElementToBlankIntList_ShouldAddNewElementToList","Messages":[],"ComputerName":"LEGION","Duration":"00:00:00.0055330","StartTime":"2022-05-07T11:12:12.4582507+00:00","EndTime":"2022-05-07T11:12:12.463784+00:00","Properties":[{"Key":{"Id":"NUnit.Seed","Label":"Seed","Category":"","Description":"","Attributes":0,"ValueType":"System.String"},"Value":"325000863"}]},{"TestCase":{"Id":"378eef74-9209-629a-d765-94fd095de2c3","FullyQualifiedName":"la1_Tests.Tests.AddNewElementToBlankIntList_ShouldInvokeEvent","DisplayName":"AddNewElementToBlankIntList_ShouldInvokeEvent","ExecutorUri":"executor://NUnit3TestExecutor","Source":"D:\\KPI DOCS\\1_DIMA_LABS\\lab1_Slobodyan_Dmytro\\la1_Tests\\bin\\Debug\\net6.0\\fine-code-coverage\\build-output\\la1_Tests.dll","CodeFilePath":null,"LineNumber":0,"Properties":[{"Key":{"Id":"NUnit.Seed","Label":"Seed","Category":"","Description":"","Attributes":0,"ValueType":"System.String"},"Value":"931875819"}]},"Attachments":[],"Outcome":1,"ErrorMessage":null,"ErrorStackTrace":null,"DisplayName":"AddNewElementToBlankIntList_ShouldInvokeEvent","Messages":[],"ComputerName":"LEGION","Duration":"00:00:00.0005160","StartTime":"2022-05-07T11:12:12.4637981+00:00","EndTime":"2022-05-07T11:12:12.4643142+00:00","Properties":[{"Key":{"Id":"NUnit.Seed","Label":"Seed","Category":"","Description":"","Attributes":0,"ValueType":"System.String"},"Value":"931875819"}]},{"TestCase":{"Id":"42e0acd3-556d-63bd-18ac-d07747a664b9","FullyQualifiedName":"la1_Tests.Tests.AddNewElementToBlankStringList_ShouldAddNewElementToList","DisplayName":"AddNewElementToBlankStringList_ShouldAddNewElementToList","ExecutorUri":"executor://NUnit3TestExecutor","Source":"D:\\KPI DOCS\\1_DIMA_LABS\\lab1_Slobodyan_Dmytro\\la1_Tests\\bin\\Debug\\net6.0\\fine-code-coverage\\build-output\\la1_Tests.dll","CodeFilePath":null,"LineNumber":0,"Properties":[{"Key":{"Id":"NUnit.Seed","Label":"Seed","Category":"","Description":"","Attributes":0,"ValueType":"System.String"},"Value":"169913808"}]},"Attachments":[],"Outcome":1,"ErrorMessage":null,"ErrorStackTrace":null,"DisplayName":"AddNewElementToBlankStringList_ShouldAddNewElementToList","Messages":[],"ComputerName":"LEGION","Duration":"00:00:00.0004740","StartTime":"2022-05-07T11:12:12.4643221+00:00","EndTime":"2022-05-07T11:12:12.4647962+00:00","Properties":[{"Key":{"Id":"NUnit.Seed","Label":"Seed","Category":"","Description":"","Attributes":0,"ValueType":"System.String"},"Value":"169913808"}]},{"TestCase":{"Id":"2a1ab820-6cde-92e5-6d5a-f1606e9dec6a","FullyQualifiedName":"la1_Tests.Tests.AddNewElementTotListHandler_ShouldWriteToConsole","DisplayName":"AddNewElementTotListHandler_ShouldWriteToConsole","ExecutorUri":"executor://NUnit3TestExecutor","Source":"D:\\KPI DOCS\\1_DIMA_LABS\\lab1_Slobodyan_Dmytro\\la1_Tests\\bin\\Debug\\net6.0\\fine-code-coverage\\build-output\\la1_Tests.dll","CodeFilePath":null,"LineNumber":0,"Properties":[{"Key":{"Id":"NUnit.Seed","Label":"Seed","Category":"","Description":"","Attributes":0,"ValueType":"System.String"},"Value":"988302932"}]},"Attachments":[],"Outcome":1,"ErrorMessage":null,"ErrorStackTrace":null,"DisplayName":"AddNewElementTotListHandler_ShouldWriteToConsole","Messages":[],"ComputerName":"LEGION","Duration":"00:00:00.0001860","StartTime":"2022-05-07T11:12:12.4648032+00:00","EndTime":"2022-05-07T11:12:12.4649894+00:00","Properties":[{"Key":{"Id":"NUnit.Seed","Label":"Seed","Category":"","Description":"","Attributes":0,"ValueType":"System.String"},"Value":"988302932"}]},{"TestCase":{"Id":"a406dac3-15f1-0ee2-8da8-28e07b639569","FullyQualifiedName":"la1_Tests.Tests.FindElementByIndex_ShouldReturnNull","DisplayName":"FindElementByIndex_ShouldReturnNull","ExecutorUri":"executor://NUnit3TestExecutor","Source":"D:\\KPI DOCS\\1_DIMA_LABS\\lab1_Slobodyan_Dmytro\\la1_Tests\\bin\\Debug\\net6.0\\fine-code-coverage\\build-output\\la1_Tests.dll","CodeFilePath":null,"LineNumber":0,"Properties":[{"Key":{"Id":"NUnit.Seed","Label":"Seed","Category":"","Description":"","Attributes":0,"ValueType":"System.String"},"Value":"225364504"}]},"Attachments":[],"Outcome":1,"ErrorMessage":null,"ErrorStackTrace":null,"DisplayName":"FindElementByIndex_ShouldReturnNull","Messages":[],"ComputerName":"LEGION","Duration":"00:00:00.0003660","StartTime":"2022-05-07T11:12:12.464996+00:00","EndTime":"2022-05-07T11:12:12.4653615+00:00","Properties":[{"Key":{"Id":"NUnit.Seed","Label":"Seed","Category":"","Description":"","Attributes":0,"ValueType":"System.String"},"Value":"225364504"}]},{"TestCase":{"Id":"ace73b8c-3711-9f8b-add6-c67d9ab225b1","FullyQualifiedName":"la1_Tests.Tests.FindElementByIndex_ShouldReturnValue","DisplayName":"FindElementByIndex_ShouldReturnValue","ExecutorUri":"executor://NUnit3TestExecutor","Source":"D:\\KPI DOCS\\1_DIMA_LABS\\lab1_Slobodyan_Dmytro\\la1_Tests\\bin\\Debug\\net6.0\\fine-code-coverage\\build-output\\la1_Tests.dll","CodeFilePath":null,"LineNumber":0,"Properties":[{"Key":{"Id":"NUnit.Seed","Label":"Seed","Category":"","Description":"","Attributes":0,"ValueType":"System.String"},"Value":"1204268167"}]},"Attachments":[],"Outcome":1,"ErrorMessage":null,"ErrorStackTrace":null,"DisplayName":"FindElementByIndex_ShouldReturnValue","Messages":[],"ComputerName":"LEGION","Duration":"00:00:00.0001660","StartTime":"2022-05-07T11:12:12.4653685+00:00","EndTime":"2022-05-07T11:12:12.465534+00:00","Properties":[{"Key":{"Id":"NUnit.Seed","Label":"Seed","Category":"","Description":"","Attributes":0,"ValueType":"System.String"},"Value":"1204268167"}]},{"TestCase":{"Id":"57ba92c4-8a4a-620b-4cd4-2e8f1de4fedc","FullyQualifiedName":"la1_Tests.Tests.FindElementByIndex_ShouldReturnValueOfTail","DisplayName":"FindElementByIndex_ShouldReturnValueOfTail","ExecutorUri":"executor://NUnit3TestExecutor","Source":"D:\\KPI DOCS\\1_DIMA_LABS\\lab1_Slobodyan_Dmytro\\la1_Tests\\bin\\Debug\\net6.0\\fine-code-coverage\\build-output\\la1_Tests.dll","CodeFilePath":null,"LineNumber":0,"Properties":[{"Key":{"Id":"NUnit.Seed","Label":"Seed","Category":"","Description":"","Attributes":0,"ValueType":"System.String"},"Value":"1145267349"}]},"Attachments":[],"Outcome":1,"ErrorMessage":null,"ErrorStackTrace":null,"DisplayName":"FindElementByIndex_ShouldReturnValueOfTail","Messages":[],"ComputerName":"LEGION","Duration":"00:00:00.0001540","StartTime":"2022-05-07T11:12:12.4655404+00:00","EndTime":"2022-05-07T11:12:12.4656946+00:00","Properties":[{"Key":{"Id":"NUnit.Seed","Label":"Seed","Category":"","Description":"","Attributes":0,"ValueType":"System.String"},"Value":"1145267349"}]}],"TestRunStatistics":{"ExecutedTests":9,"Stats":{"Passed":9}},"ActiveTests":[{"Id":"0031ae52-8a97-6099-d49d-2715b8916038","FullyQualifiedName":"la1_Tests.Tests.FindElementByIndex_ShouldThrowArgumentException","DisplayName":"FindElementByIndex_ShouldThrowArgumentException","ExecutorUri":"executor://NUnit3TestExecutor","Source":"D:\\KPI DOCS\\1_DIMA_LABS\\lab1_Slobodyan_Dmytro\\la1_Tests\\bin\\Debug\\net6.0\\fine-code-coverage\\build-output\\la1_Tests.dll","CodeFilePath":null,"LineNumber":0,"Properties":[{"Key":{"Id":"NUnit.Seed","Label":"Seed","Category":"","Description":"","Attributes":0,"ValueType":"System.String"},"Value":"1860963425"}]}]}}
TpTrace Verbose: 0 : 14624, 14, 2022/05/07, 14:12:12.548, 1347414350875, vstest.console.dll, TestRunRequest:SendTestRunStatsChange: Starting.
TpTrace Verbose: 0 : 14624, 14, 2022/05/07, 14:12:12.548, 1347414351898, vstest.console.dll, InProgress is FindElementByIndex_ShouldThrowArgumentException
TpTrace Information: 0 : 14624, 14, 2022/05/07, 14:12:12.548, 1347414353169, vstest.console.dll, TestRunRequest:SendTestRunStatsChange: Completed.
TpTrace Verbose: 0 : 14624, 14, 2022/05/07, 14:12:12.548, 1347414353493, vstest.console.dll, TcpClientExtensions.MessageLoopAsync: Polling on remoteEndPoint: 127.0.0.1:64660 localEndPoint: 127.0.0.1:64659
TpTrace Verbose: 0 : 14624, 14, 2022/05/07, 14:12:12.548, 1347414353835, vstest.console.dll, TcpClientExtensions.MessageLoopAsync: NotifyDataAvailable remoteEndPoint: 127.0.0.1:64660 localEndPoint: 127.0.0.1:64659
TpTrace Verbose: 0 : 14624, 14, 2022/05/07, 14:12:12.548, 1347414354250, vstest.console.dll, TestRequestSender.OnExecutionMessageReceived: Received message: {"Version":5,"MessageType":"TestSession.Message","Payload":{"MessageLevel":0,"Message":"NUnit Adapter 4.0.0.0: Test execution complete"}}
TpTrace Verbose: 0 : 14624, 14, 2022/05/07, 14:12:12.548, 1347414355070, vstest.console.dll, TestRunRequest:SendTestRunMessage: Starting.
TpTrace Information: 0 : 14624, 14, 2022/05/07, 14:12:12.548, 1347414355425, vstest.console.dll, TestRunRequest:SendTestRunMessage: Completed.
TpTrace Verbose: 0 : 14624, 14, 2022/05/07, 14:12:12.548, 1347414355653, vstest.console.dll, TcpClientExtensions.MessageLoopAsync: Polling on remoteEndPoint: 127.0.0.1:64660 localEndPoint: 127.0.0.1:64659
TpTrace Verbose: 0 : 14624, 14, 2022/05/07, 14:12:12.548, 1347414358655, vstest.console.dll, TcpClientExtensions.MessageLoopAsync: NotifyDataAvailable remoteEndPoint: 127.0.0.1:64660 localEndPoint: 127.0.0.1:64659
TpTrace Verbose: 0 : 14624, 14, 2022/05/07, 14:12:12.549, 1347414359532, vstest.console.dll, TestRequestSender.OnExecutionMessageReceived: Received message: {"Version":5,"MessageType":"TestExecution.Completed","Payload":{"TestRunCompleteArgs":{"TestRunStatistics":{"ExecutedTests":18,"Stats":{"Passed":18}},"IsCanceled":false,"IsAborted":false,"Error":null,"AttachmentSets":[],"ElapsedTimeInRunningTests":"00:00:00.2439656","Metrics":{}},"LastRunTests":{"NewTestResults":[{"TestCase":{"Id":"0031ae52-8a97-6099-d49d-2715b8916038","FullyQualifiedName":"la1_Tests.Tests.FindElementByIndex_ShouldThrowArgumentException","DisplayName":"FindElementByIndex_ShouldThrowArgumentException","ExecutorUri":"executor://NUnit3TestExecutor","Source":"D:\\KPI DOCS\\1_DIMA_LABS\\lab1_Slobodyan_Dmytro\\la1_Tests\\bin\\Debug\\net6.0\\fine-code-coverage\\build-output\\la1_Tests.dll","CodeFilePath":null,"LineNumber":0,"Properties":[{"Key":{"Id":"NUnit.Seed","Label":"Seed","Category":"","Description":"","Attributes":0,"ValueType":"System.String"},"Value":"1860963425"}]},"Attachments":[],"Outcome":1,"ErrorMessage":null,"ErrorStackTrace":null,"DisplayName":"FindElementByIndex_ShouldThrowArgumentException","Messages":[],"ComputerName":"LEGION","Duration":"00:00:00.0001820","StartTime":"2022-05-07T11:12:12.4657007+00:00","EndTime":"2022-05-07T11:12:12.465883+00:00","Properties":[{"Key":{"Id":"NUnit.Seed","Label":"Seed","Category":"","Description":"","Attributes":0,"ValueType":"System.String"},"Value":"1860963425"}]},{"TestCase":{"Id":"3994f31e-0767-f04f-a77c-f2599ecc8baa","FullyQualifiedName":"la1_Tests.Tests.FindElementByIndex_ShouldThrowException","DisplayName":"FindElementByIndex_ShouldThrowException","ExecutorUri":"executor://NUnit3TestExecutor","Source":"D:\\KPI DOCS\\1_DIMA_LABS\\lab1_Slobodyan_Dmytro\\la1_Tests\\bin\\Debug\\net6.0\\fine-code-coverage\\build-output\\la1_Tests.dll","CodeFilePath":null,"LineNumber":0,"Properties":[{"Key":{"Id":"NUnit.Seed","Label":"Seed","Category":"","Description":"","Attributes":0,"ValueType":"System.String"},"Value":"543195544"}]},"Attachments":[],"Outcome":1,"ErrorMessage":null,"ErrorStackTrace":null,"DisplayName":"FindElementByIndex_ShouldThrowException","Messages":[],"ComputerName":"LEGION","Duration":"00:00:00.0001620","StartTime":"2022-05-07T11:12:12.4659094+00:00","EndTime":"2022-05-07T11:12:12.4660717+00:00","Properties":[{"Key":{"Id":"NUnit.Seed","Label":"Seed","Category":"","Description":"","Attributes":0,"ValueType":"System.String"},"Value":"543195544"}]},{"TestCase":{"Id":"6e265bea-dc11-2495-29ec-1ae1b0ec44a9","FullyQualifiedName":"la1_Tests.Tests.GetAll_ShouldPrintAllElementsData","DisplayName":"GetAll_ShouldPrintAllElementsData","ExecutorUri":"executor://NUnit3TestExecutor","Source":"D:\\KPI DOCS\\1_DIMA_LABS\\lab1_Slobodyan_Dmytro\\la1_Tests\\bin\\Debug\\net6.0\\fine-code-coverage\\build-output\\la1_Tests.dll","CodeFilePath":null,"LineNumber":0,"Properties":[{"Key":{"Id":"NUnit.Seed","Label":"Seed","Category":"","Description":"","Attributes":0,"ValueType":"System.String"},"Value":"569228459"}]},"Attachments":[],"Outcome":1,"ErrorMessage":null,"ErrorStackTrace":null,"DisplayName":"GetAll_ShouldPrintAllElementsData","Messages":[],"ComputerName":"LEGION","Duration":"00:00:00.0003579","StartTime":"2022-05-07T11:12:12.4660915+00:00","EndTime":"2022-05-07T11:12:12.4664494+00:00","Properties":[{"Key":{"Id":"NUnit.Seed","Label":"Seed","Category":"","Description":"","Attributes":0,"ValueType":"System.String"},"Value":"569228459"}]},{"TestCase":{"Id":"45060b37-df9f-d415-4b31-dc2372acf3ea","FullyQualifiedName":"la1_Tests.Tests.GetAll_ShouldThrowExceptionAndWriteToConsole","DisplayName":"GetAll_ShouldThrowExceptionAndWriteToConsole","ExecutorUri":"executor://NUnit3TestExecutor","Source":"D:\\KPI DOCS\\1_DIMA_LABS\\lab1_Slobodyan_Dmytro\\la1_Tests\\bin\\Debug\\net6.0\\fine-code-coverage\\build-output\\la1_Tests.dll","CodeFilePath":null,"LineNumber":0,"Properties":[{"Key":{"Id":"NUnit.Seed","Label":"Seed","Category":"","Description":"","Attributes":0,"ValueType":"System.String"},"Value":"519579637"}]},"Attachments":[],"Outcome":1,"ErrorMessage":null,"ErrorStackTrace":null,"DisplayName":"GetAll_ShouldThrowExceptionAndWriteToConsole","Messages":[],"ComputerName":"LEGION","Duration":"00:00:00.0001100","StartTime":"2022-05-07T11:12:12.4664561+00:00","EndTime":"2022-05-07T11:12:12.4665664+00:00","Properties":[{"Key":{"Id":"NUnit.Seed","Label":"Seed","Category":"","Description":"","Attributes":0,"ValueType":"System.String"},"Value":"519579637"}]},{"TestCase":{"Id":"ed4b37d8-c5cb-ba97-010a-7e97f961ccba","FullyQualifiedName":"la1_Tests.Tests.NodeToString_ReturnsNodeData","DisplayName":"NodeToString_ReturnsNodeData","ExecutorUri":"executor://NUnit3TestExecutor","Source":"D:\\KPI DOCS\\1_DIMA_LABS\\lab1_Slobodyan_Dmytro\\la1_Tests\\bin\\Debug\\net6.0\\fine-code-coverage\\build-output\\la1_Tests.dll","CodeFilePath":null,"LineNumber":0,"Properties":[{"Key":{"Id":"NUnit.Seed","Label":"Seed","Category":"","Description":"","Attributes":0,"ValueType":"System.String"},"Value":"1340792188"}]},"Attachments":[],"Outcome":1,"ErrorMessage":null,"ErrorStackTrace":null,"DisplayName":"NodeToString_ReturnsNodeData","Messages":[],"ComputerName":"LEGION","Duration":"00:00:00.0001170","StartTime":"2022-05-07T11:12:12.4665728+00:00","EndTime":"2022-05-07T11:12:12.4666895+00:00","Properties":[{"Key":{"Id":"NUnit.Seed","Label":"Seed","Category":"","Description":"","Attributes":0,"ValueType":"System.String"},"Value":"1340792188"}]},{"TestCase":{"Id":"b5bcd0b9-edcf-d71b-12b6-00c75aefcfdd","FullyQualifiedName":"la1_Tests.Tests.RemoveElementFrom_CountShouldBeReducedByOne","DisplayName":"RemoveElementFrom_CountShouldBeReducedByOne","ExecutorUri":"executor://NUnit3TestExecutor","Source":"D:\\KPI DOCS\\1_DIMA_LABS\\lab1_Slobodyan_Dmytro\\la1_Tests\\bin\\Debug\\net6.0\\fine-code-coverage\\build-output\\la1_Tests.dll","CodeFilePath":null,"LineNumber":0,"Properties":[{"Key":{"Id":"NUnit.Seed","Label":"Seed","Category":"","Description":"","Attributes":0,"ValueType":"System.String"},"Value":"2140822126"}]},"Attachments":[],"Outcome":1,"ErrorMessage":null,"ErrorStackTrace":null,"DisplayName":"RemoveElementFrom_CountShouldBeReducedByOne","Messages":[],"ComputerName":"LEGION","Duration":"00:00:00.0003080","StartTime":"2022-05-07T11:12:12.4666955+00:00","EndTime":"2022-05-07T11:12:12.467003+00:00","Properties":[{"Key":{"Id":"NUnit.Seed","Label":"Seed","Category":"","Description":"","Attributes":0,"ValueType":"System.String"},"Value":"2140822126"}]},{"TestCase":{"Id":"5695fb21-44c2-a113-d482-754a3058d49b","FullyQualifiedName":"la1_Tests.Tests.RemoveElementFrom_ShouldInvokeEvent","DisplayName":"RemoveElementFrom_ShouldInvokeEvent","ExecutorUri":"executor://NUnit3TestExecutor","Source":"D:\\KPI DOCS\\1_DIMA_LABS\\lab1_Slobodyan_Dmytro\\la1_Tests\\bin\\Debug\\net6.0\\fine-code-coverage\\build-output\\la1_Tests.dll","CodeFilePath":null,"LineNumber":0,"Properties":[{"Key":{"Id":"NUnit.Seed","Label":"Seed","Category":"","Description":"","Attributes":0,"ValueType":"System.String"},"Value":"1120468814"}]},"Attachments":[],"Outcome":1,"ErrorMessage":null,"ErrorStackTrace":null,"DisplayName":"RemoveElementFrom_ShouldInvokeEvent","Messages":[],"ComputerName":"LEGION","Duration":"00:00:00.0002180","StartTime":"2022-05-07T11:12:12.4670094+00:00","EndTime":"2022-05-07T11:12:12.4672269+00:00","Properties":[{"Key":{"Id":"NUnit.Seed","Label":"Seed","Category":"","Description":"","Attributes":0,"ValueType":"System.String"},"Value":"1120468814"}]},{"TestCase":{"Id":"c17bb601-25f3-9f7c-cd6a-ce9fdbf30644","FullyQualifiedName":"la1_Tests.Tests.RemoveElemntFromListHandler_ShouldThrowException","DisplayName":"RemoveElemntFromListHandler_ShouldThrowException","ExecutorUri":"executor://NUnit3TestExecutor","Source":"D:\\KPI DOCS\\1_DIMA_LABS\\lab1_Slobodyan_Dmytro\\la1_Tests\\bin\\Debug\\net6.0\\fine-code-coverage\\build-output\\la1_Tests.dll","CodeFilePath":null,"LineNumber":0,"Properties":[{"Key":{"Id":"NUnit.Seed","Label":"Seed","Category":"","Description":"","Attributes":0,"ValueType":"System.String"},"Value":"2018866973"}]},"Attachments":[],"Outcome":1,"ErrorMessage":null,"ErrorStackTrace":null,"DisplayName":"RemoveElemntFromListHandler_ShouldThrowException","Messages":[],"ComputerName":"LEGION","Duration":"00:00:00.0001050","StartTime":"2022-05-07T11:12:12.4672334+00:00","EndTime":"2022-05-07T11:12:12.4673383+00:00","Properties":[{"Key":{"Id":"NUnit.Seed","Label":"Seed","Category":"","Description":"","Attributes":0,"ValueType":"System.String"},"Value":"2018866973"}]},{"TestCase":{"Id":"11f13a29-7d9c-1b32-ca44-d7a5c840ef62","FullyQualifiedName":"la1_Tests.Tests.RemoveElemntFromListHandler_ShouldWriteToConsole","DisplayName":"RemoveElemntFromListHandler_ShouldWriteToConsole","ExecutorUri":"executor://NUnit3TestExecutor","Source":"D:\\KPI DOCS\\1_DIMA_LABS\\lab1_Slobodyan_Dmytro\\la1_Tests\\bin\\Debug\\net6.0\\fine-code-coverage\\build-output\\la1_Tests.dll","CodeFilePath":null,"LineNumber":0,"Properties":[{"Key":{"Id":"NUnit.Seed","Label":"Seed","Category":"","Description":"","Attributes":0,"ValueType":"System.String"},"Value":"2061280838"}]},"Attachments":[],"Outcome":1,"ErrorMessage":null,"ErrorStackTrace":null,"DisplayName":"RemoveElemntFromListHandler_ShouldWriteToConsole","Messages":[],"ComputerName":"LEGION","Duration":"00:00:00.0001700","StartTime":"2022-05-07T11:12:12.4673691+00:00","EndTime":"2022-05-07T11:12:12.4675394+00:00","Properties":[{"Key":{"Id":"NUnit.Seed","Label":"Seed","Category":"","Description":"","Attributes":0,"ValueType":"System.String"},"Value":"2061280838"}]}],"TestRunStatistics":{"ExecutedTests":18,"Stats":{"Passed":18}},"ActiveTests":[]},"RunAttachments":[],"ExecutorUris":["executor://nunit3testexecutor/"]}}
TpTrace Verbose: 0 : 14624, 14, 2022/05/07, 14:12:12.549, 1347414363018, vstest.console.dll, TestRequestSender.EndSession: Sending end session.
TpTrace Verbose: 0 : 14624, 14, 2022/05/07, 14:12:12.549, 1347414363791, vstest.console.dll, ProxyOperationManager.Close: waiting for test host to exit for 100 ms
TpTrace Warning: 0 : 14624, 13, 2022/05/07, 14:12:12.563, 1347414508186, vstest.console.dll, TestHostManagerCallbacks.ErrorReceivedCallback Test host standard error line: 
TpTrace Verbose: 0 : 14624, 8, 2022/05/07, 14:12:12.567, 1347414543146, vstest.console.dll, TestHostProvider.ExitCallBack: Host exited starting callback.
TpTrace Information: 0 : 14624, 8, 2022/05/07, 14:12:12.567, 1347414546379, vstest.console.dll, TestHostManagerCallbacks.ExitCallBack: Testhost processId: 22828 exited with exitcode: 0 error: ''
TpTrace Verbose: 0 : 14624, 8, 2022/05/07, 14:12:12.567, 1347414546764, vstest.console.dll, DotnetTestHostManager.OnHostExited: invoking OnHostExited callback
TpTrace Verbose: 0 : 14624, 8, 2022/05/07, 14:12:12.567, 1347414547168, vstest.console.dll, CrossPlatEngine.TestHostManagerHostExited: calling on client process exit callback.
TpTrace Information: 0 : 14624, 8, 2022/05/07, 14:12:12.567, 1347414547571, vstest.console.dll, TestRequestSender.OnClientProcessExit: Test host process exited. Standard error: 
TpTrace Information: 0 : 14624, 14, 2022/05/07, 14:12:12.567, 1347414547806, vstest.console.dll, SocketServer.Stop: Stop server endPoint: 127.0.0.1:64659
TpTrace Information: 0 : 14624, 14, 2022/05/07, 14:12:12.567, 1347414548225, vstest.console.dll, SocketServer.Stop: Cancellation requested. Stopping message loop.
TpTrace Information: 0 : 14624, 8, 2022/05/07, 14:12:12.567, 1347414547861, vstest.console.dll, SocketServer.Stop: Stop server endPoint: 127.0.0.1:64659
TpTrace Information: 0 : 14624, 14, 2022/05/07, 14:12:12.567, 1347414548922, vstest.console.dll, Closing the connection
TpTrace Information: 0 : 14624, 8, 2022/05/07, 14:12:12.567, 1347414548986, vstest.console.dll, SocketServer.Stop: Cancellation requested. Stopping message loop.
TpTrace Warning: 0 : 14624, 14, 2022/05/07, 14:12:12.568, 1347414549221, vstest.console.dll, ProxyOperationManager: Timed out waiting for test host to exit. Will terminate process.
TpTrace Verbose: 0 : 14624, 14, 2022/05/07, 14:12:12.568, 1347414554318, vstest.console.dll, ProxyDataCollectionManager.InvokeDataCollectionServiceAction: Starting.
TpTrace Information: 0 : 14624, 14, 2022/05/07, 14:12:12.568, 1347414554681, vstest.console.dll, ProxyDataCollectionManager.AfterTestRunEnd: Get attachment set for datacollector processId: 21896 port: 64653
TpTrace Verbose: 0 : 14624, 14, 2022/05/07, 14:12:12.568, 1347414555050, vstest.console.dll, DataCollectionRequestSender.SendAfterTestRunStartAndGetResult : Send AfterTestRunEnd message with isCancelled: False
TpTrace Verbose: 0 : 14624, 14, 2022/05/07, 14:12:12.571, 1347414580167, vstest.console.dll, DataCollectionRequestSender.SendAfterTestRunStartAndGetResult : Received message: (DataCollection.AfterTestRunEndResult) -> {
  "AttachmentSets": [],
  "Metrics": {}
}
TpTrace Information: 0 : 14624, 14, 2022/05/07, 14:12:12.572, 1347414595467, vstest.console.dll, ProxyDataCollectionManager.InvokeDataCollectionServiceAction: Completed.
TpTrace Warning: 0 : 14624, 10, 2022/05/07, 14:12:12.573, 1347414608082, vstest.console.dll, DataCollectionLauncher.ErrorReceivedCallback datacollector standard error line: 
TpTrace Information: 0 : 14624, 8, 2022/05/07, 14:12:12.576, 1347414635767, vstest.console.dll, DataCollectionLauncher.ExitCallBack: Data collector exited with exitcode: 0 error: ''
TpTrace Verbose: 0 : 14624, 14, 2022/05/07, 14:12:12.589, 1347414760055, vstest.console.dll, TestRunRequest:SendTestRunStatsChange: Starting.
TpTrace Information: 0 : 14624, 14, 2022/05/07, 14:12:12.589, 1347414761170, vstest.console.dll, TestRunRequest:SendTestRunStatsChange: Completed.
TpTrace Verbose: 0 : 14624, 14, 2022/05/07, 14:12:12.589, 1347414762476, vstest.console.dll, ParallelProxyExecutionManager: HandlePartialRunComplete: Total completed clients = 1, Run complete = True, Run canceled: False.
TpTrace Verbose: 0 : 14624, 14, 2022/05/07, 14:12:12.601, 1347414883774, vstest.console.dll, TestRunRequest:TestRunComplete: Starting. IsAborted:False IsCanceled:False.
TpTrace Verbose: 0 : 14624, 14, 2022/05/07, 14:12:12.601, 1347414885315, vstest.console.dll, TestLoggerManager.HandleTestRunComplete: Ignoring as the object is disposed.
TpTrace Information: 0 : 14624, 14, 2022/05/07, 14:12:12.601, 1347414886729, vstest.console.dll, TestRunRequest:TestRunComplete: Completed.
TpTrace Verbose: 0 : 14624, 14, 2022/05/07, 14:12:12.601, 1347414887062, vstest.console.dll, TestRequestSender.SetOperationComplete: Setting operation complete.
TpTrace Information: 0 : 14624, 14, 2022/05/07, 14:12:12.601, 1347414887267, vstest.console.dll, SocketServer.Stop: Stop server endPoint: 127.0.0.1:64659
TpTrace Information: 0 : 14624, 14, 2022/05/07, 14:12:12.601, 1347414887528, vstest.console.dll, SocketServer.Stop: Cancellation requested. Stopping message loop.
TpTrace Verbose: 0 : 14624, 1, 2022/05/07, 14:12:12.601, 1347414887254, vstest.console.dll, TestRunRequest.Dispose: Starting.
TpTrace Information: 0 : 14624, 1, 2022/05/07, 14:12:12.601, 1347414888242, vstest.console.dll, TestRunRequest.Dispose: Completed.
TpTrace Information: 0 : 14624, 14, 2022/05/07, 14:12:12.601, 1347414887813, vstest.console.dll, SocketServer.PrivateStop: Stopping server endPoint: 127.0.0.1:64659 error: 
TpTrace Information: 0 : 14624, 1, 2022/05/07, 14:12:12.601, 1347414888554, vstest.console.dll, TestRequestManager.RunTests: run tests completed.
TpTrace Information: 0 : 14624, 1, 2022/05/07, 14:12:12.602, 1347414889338, vstest.console.dll, RunTestsArgumentProcessor:Execute: Test run is completed.
TpTrace Verbose: 0 : 14624, 1, 2022/05/07, 14:12:12.602, 1347414890419, vstest.console.dll, Executor.Execute: Exiting with exit code of 0
TpTrace Verbose: 0 : 14624, 14, 2022/05/07, 14:12:12.602, 1347414891109, vstest.console.dll, LengthPrefixCommunicationChannel.Dispose: Dispose reader and writer.
TpTrace Information: 0 : 14624, 14, 2022/05/07, 14:12:12.602, 1347414892026, vstest.console.dll, SocketServer.Stop: Raise disconnected event endPoint: 127.0.0.1:64659 error: 
TpTrace Verbose: 0 : 14624, 14, 2022/05/07, 14:12:12.602, 1347414892457, vstest.console.dll, TestRequestSender: OnTestRunAbort: Operation is already complete. Skip error message.
TpTrace Verbose: 0 : 14624, 14, 2022/05/07, 14:12:12.602, 1347414892684, vstest.console.dll, TcpClientExtensions.MessageLoopAsync: exiting MessageLoopAsync remoteEndPoint: 127.0.0.1:64660 localEndPoint: 127.0.0.1:64659
